{
  "stats": {
    "suites": 1,
    "tests": 2,
    "passes": 2,
    "pending": 0,
    "failures": 0,
    "start": "2021-07-23T09:49:28.040Z",
    "end": "2021-07-23T09:49:29.536Z",
    "duration": 1496,
    "testsRegistered": 2,
    "passPercent": 100,
    "pendingPercent": 0,
    "other": 0,
    "hasOther": false,
    "skipped": 0,
    "hasSkipped": false
  },
  "results": [
    {
      "uuid": "db828793-c115-4f75-97f4-5ccf70123a42",
      "title": "",
      "fullFile": "cypress/integration/webdriver-uni/data-tables.js",
      "file": "cypress/integration/webdriver-uni/data-tables.js",
      "beforeHooks": [],
      "afterHooks": [],
      "tests": [],
      "suites": [
        {
          "uuid": "a498f821-53be-42b9-9343-ee65d4e44f5d",
          "title": "Handling Data via webdriveruni",
          "fullFile": "",
          "file": "",
          "beforeHooks": [],
          "afterHooks": [],
          "tests": [
            {
              "title": "Calculate and assert the total ages of all users",
              "fullTitle": "Handling Data via webdriveruni Calculate and assert the total ages of all users",
              "timedOut": null,
              "duration": 1009,
              "state": "passed",
              "speed": "slow",
              "pass": true,
              "fail": false,
              "pending": false,
              "context": null,
              "code": "var useDetails = [];\nvar numb = 0;\ncy.get('#thumbnail-1 td').each(function (el, index, list) {\n  useDetails[index] = el.text();\n}).then(function () {\n  var i;\n  for (i = 0; i < useDetails.length; i++) {\n    if (Number(useDetails[i])) {\n      numb += Number(useDetails[i]);\n    }\n  }\n  cy.log('Total age: ' + numb);\n  expect(numb).eq(322);\n});",
              "err": {},
              "uuid": "551e8ed0-ed55-4c12-9ffb-e355b0a8229c",
              "parentUUID": "a498f821-53be-42b9-9343-ee65d4e44f5d",
              "isHook": false,
              "skipped": false
            },
            {
              "title": "Calculate and assert the age of user",
              "fullTitle": "Handling Data via webdriveruni Calculate and assert the age of user",
              "timedOut": null,
              "duration": 436,
              "state": "passed",
              "speed": "slow",
              "pass": true,
              "fail": false,
              "pending": false,
              "context": null,
              "code": "cy.get('#thumbnail-1 td:nth-child(2)').each(function (el, index, list) {\n  if ('Smith' == el.text()) {\n    expect(Number(el.next().text())).eq(45);\n  }\n});",
              "err": {},
              "uuid": "517034fa-080e-4129-b65b-f5293bffcb06",
              "parentUUID": "a498f821-53be-42b9-9343-ee65d4e44f5d",
              "isHook": false,
              "skipped": false
            }
          ],
          "suites": [],
          "passes": [
            "551e8ed0-ed55-4c12-9ffb-e355b0a8229c",
            "517034fa-080e-4129-b65b-f5293bffcb06"
          ],
          "failures": [],
          "pending": [],
          "skipped": [],
          "duration": 1445,
          "root": false,
          "rootEmpty": false,
          "_timeout": 2000
        }
      ],
      "passes": [],
      "failures": [],
      "pending": [],
      "skipped": [],
      "duration": 0,
      "root": true,
      "rootEmpty": true,
      "_timeout": 2000
    }
  ],
  "meta": {
    "mocha": {
      "version": "7.0.1"
    },
    "mochawesome": {
      "options": {
        "quiet": false,
        "reportFilename": "mochawesome",
        "saveHtml": false,
        "saveJson": true,
        "consoleReporter": "spec",
        "useInlineDiffs": false,
        "code": true
      },
      "version": "6.2.2"
    },
    "marge": {
      "options": {
        "id": "default",
        "reportDir": "cypress/results/mochawesome",
        "quet": true,
        "overwrite": false,
        "html": false,
        "json": true
      },
      "version": "5.2.0"
    }
  }
}