{
  "stats": {
    "suites": 1,
    "tests": 2,
    "passes": 2,
    "pending": 0,
    "failures": 0,
    "start": "2021-07-23T09:49:43.406Z",
    "end": "2021-07-23T09:49:45.414Z",
    "duration": 2008,
    "testsRegistered": 2,
    "passPercent": 100,
    "pendingPercent": 0,
    "other": 0,
    "hasOther": false,
    "skipped": 0,
    "hasSkipped": false
  },
  "results": [
    {
      "uuid": "a09567ba-7aec-40b8-a3e7-6a3fa7ebc2ef",
      "title": "",
      "fullFile": "cypress/integration/webdriver-uni/file-upload.js",
      "file": "cypress/integration/webdriver-uni/file-upload.js",
      "beforeHooks": [],
      "afterHooks": [],
      "tests": [],
      "suites": [
        {
          "uuid": "39a7b171-f681-4f89-98b8-bd592316da3d",
          "title": "Test File upload via webdriveruni",
          "fullFile": "",
          "file": "",
          "beforeHooks": [],
          "afterHooks": [],
          "tests": [
            {
              "title": "Upload a file",
              "fullTitle": "Test File upload via webdriveruni Upload a file",
              "timedOut": null,
              "duration": 1339,
              "state": "passed",
              "speed": "slow",
              "pass": true,
              "fail": false,
              "pending": false,
              "context": null,
              "code": "cy.visit('http://www.webdriveruniversity.com/');\ncy.get('#file-upload').invoke('removeAttr', 'target').click({\n  force: true\n});\ncy.fixture('test.png', 'base64').then(function (fileContent) {\n  cy.get('#myFile').attachFile({\n    fileContent: fileContent,\n    fileName: \"test.png\",\n    mimeType: \"image/png\"\n  }, {\n    uploadType: \"input\"\n  });\n});\ncy.get('#submit-button').click();",
              "err": {},
              "uuid": "0d1b8e70-5b4f-4617-aae9-97a7a362ee17",
              "parentUUID": "39a7b171-f681-4f89-98b8-bd592316da3d",
              "isHook": false,
              "skipped": false
            },
            {
              "title": "Upload no file",
              "fullTitle": "Test File upload via webdriveruni Upload no file",
              "timedOut": null,
              "duration": 653,
              "state": "passed",
              "speed": "slow",
              "pass": true,
              "fail": false,
              "pending": false,
              "context": null,
              "code": "cy.visit('http://www.webdriveruniversity.com/');\ncy.get('#file-upload').invoke('removeAttr', 'target').click({\n  force: true\n});\ncy.get('#submit-button').click();\ncy.on('window:alert', function (str) {\n  expect(str).to.eq('You need to select a file to upload!');\n});",
              "err": {},
              "uuid": "4b7664a2-4867-40ca-b9eb-1a58863bf609",
              "parentUUID": "39a7b171-f681-4f89-98b8-bd592316da3d",
              "isHook": false,
              "skipped": false
            }
          ],
          "suites": [],
          "passes": [
            "0d1b8e70-5b4f-4617-aae9-97a7a362ee17",
            "4b7664a2-4867-40ca-b9eb-1a58863bf609"
          ],
          "failures": [],
          "pending": [],
          "skipped": [],
          "duration": 1992,
          "root": false,
          "rootEmpty": false,
          "_timeout": 2000
        }
      ],
      "passes": [],
      "failures": [],
      "pending": [],
      "skipped": [],
      "duration": 0,
      "root": true,
      "rootEmpty": true,
      "_timeout": 2000
    }
  ],
  "meta": {
    "mocha": {
      "version": "7.0.1"
    },
    "mochawesome": {
      "options": {
        "quiet": false,
        "reportFilename": "mochawesome",
        "saveHtml": false,
        "saveJson": true,
        "consoleReporter": "spec",
        "useInlineDiffs": false,
        "code": true
      },
      "version": "6.2.2"
    },
    "marge": {
      "options": {
        "id": "default",
        "reportDir": "cypress/results/mochawesome",
        "quet": true,
        "overwrite": false,
        "html": false,
        "json": true
      },
      "version": "5.2.0"
    }
  }
}