{
  "stats": {
    "suites": 1,
    "tests": 1,
    "passes": 1,
    "pending": 0,
    "failures": 0,
    "start": "2021-07-23T11:36:59.261Z",
    "end": "2021-07-23T11:37:01.953Z",
    "duration": 2692,
    "testsRegistered": 1,
    "passPercent": 100,
    "pendingPercent": 0,
    "other": 0,
    "hasOther": false,
    "skipped": 0,
    "hasSkipped": false
  },
  "results": [
    {
      "uuid": "e9e6850e-f7cd-4ffa-8b21-99f4bb441bc5",
      "title": "",
      "fullFile": "cypress/integration/webdriver-uni/autocomlite-lists.js",
      "file": "cypress/integration/webdriver-uni/autocomlite-lists.js",
      "beforeHooks": [],
      "afterHooks": [],
      "tests": [],
      "suites": [
        {
          "uuid": "a90c4442-3fb4-4942-ab25-c4f9a1330de9",
          "title": "Verify Autocomlete lists",
          "fullFile": "",
          "file": "",
          "beforeHooks": [],
          "afterHooks": [],
          "tests": [
            {
              "title": "Select product in autocomplete list",
              "fullTitle": "Verify Autocomlete lists Select product in autocomplete list",
              "timedOut": null,
              "duration": 2641,
              "state": "passed",
              "speed": "slow",
              "pass": true,
              "fail": false,
              "pending": false,
              "context": null,
              "code": "cy.visit('http://www.webdriveruniversity.com/');\ncy.get('#autocomplete-textfield').invoke('removeAttr', 'target').click({\n  force: true\n});\ncy.get('#myInput').type('a');\ncy.get('#myInputautocomplete-list > *').each(function (el, index, list) {\n  var prod = el.text();\n  var productToSelect = 'Avacado';\n  if (prod === productToSelect) {\n    el.click();\n    cy.get('#submit-button').click();\n    cy.url().should('include', productToSelect);\n  }\n}).then(function () {\n  cy.get('#myInput').type('g');\n  cy.get('#myInputautocomplete-list > *').each(function (el, index, list) {\n    var prod = el.text();\n    var productToSelect = 'Garlic';\n    if (prod === productToSelect) {\n      el.click();\n      cy.get('#submit-button').click();\n      cy.url().should('include', productToSelect);\n    }\n  });\n});",
              "err": {},
              "uuid": "ec21e9b1-36da-4bd9-8774-59a66c4aa3af",
              "parentUUID": "a90c4442-3fb4-4942-ab25-c4f9a1330de9",
              "isHook": false,
              "skipped": false
            }
          ],
          "suites": [],
          "passes": [
            "ec21e9b1-36da-4bd9-8774-59a66c4aa3af"
          ],
          "failures": [],
          "pending": [],
          "skipped": [],
          "duration": 2641,
          "root": false,
          "rootEmpty": false,
          "_timeout": 2000
        }
      ],
      "passes": [],
      "failures": [],
      "pending": [],
      "skipped": [],
      "duration": 0,
      "root": true,
      "rootEmpty": true,
      "_timeout": 2000
    }
  ],
  "meta": {
    "mocha": {
      "version": "7.0.1"
    },
    "mochawesome": {
      "options": {
        "quiet": false,
        "reportFilename": "mochawesome",
        "saveHtml": false,
        "saveJson": true,
        "consoleReporter": "spec",
        "useInlineDiffs": false,
        "code": true
      },
      "version": "6.2.2"
    },
    "marge": {
      "options": {
        "id": "default",
        "reportDir": "cypress/results/mochawesome",
        "quet": true,
        "overwrite": false,
        "html": false,
        "json": true
      },
      "version": "5.2.0"
    }
  }
}