{
  "stats": {
    "suites": 1,
    "tests": 2,
    "passes": 2,
    "pending": 0,
    "failures": 0,
    "start": "2021-07-23T11:38:52.771Z",
    "end": "2021-07-23T11:38:54.038Z",
    "duration": 1267,
    "testsRegistered": 2,
    "passPercent": 100,
    "pendingPercent": 0,
    "other": 0,
    "hasOther": false,
    "skipped": 0,
    "hasSkipped": false
  },
  "results": [
    {
      "uuid": "7fd376e1-3af2-4991-9261-abdf9c6ebe2b",
      "title": "",
      "fullFile": "cypress/integration/webdriver-uni/radiobuttons.js",
      "file": "cypress/integration/webdriver-uni/radiobuttons.js",
      "beforeHooks": [],
      "afterHooks": [],
      "tests": [],
      "suites": [
        {
          "uuid": "694ed75e-2f96-4bb2-b1b8-a2946e518ded",
          "title": "Verify radiobuttons via webdriveruni",
          "fullFile": "",
          "file": "",
          "beforeHooks": [],
          "afterHooks": [],
          "tests": [
            {
              "title": "Check and validate radiobutton is checked",
              "fullTitle": "Verify radiobuttons via webdriveruni Check and validate radiobutton is checked",
              "timedOut": null,
              "duration": 1170,
              "state": "passed",
              "speed": "slow",
              "pass": true,
              "fail": false,
              "pending": false,
              "context": null,
              "code": "cy.get('#radio-buttons').find('input[type=radio]').eq(0).check().should('be.checked');",
              "err": {},
              "uuid": "70a1aa9e-503d-4abe-9346-2503e1798530",
              "parentUUID": "694ed75e-2f96-4bb2-b1b8-a2946e518ded",
              "isHook": false,
              "skipped": false
            },
            {
              "title": "Validate the states of specific radiobuttons",
              "fullTitle": "Verify radiobuttons via webdriveruni Validate the states of specific radiobuttons",
              "timedOut": null,
              "duration": 72,
              "state": "passed",
              "speed": "medium",
              "pass": true,
              "fail": false,
              "pending": false,
              "context": null,
              "code": "cy.get('#radio-buttons-selected-disabled').find('input[type=radio]').eq(0).should('not.be.checked');\ncy.get('[value=\"cabbage\"]').should('not.be.checked');\ncy.get('[value=\"pumpkin\"]').should('be.checked');\ncy.get('[value=\"cabbage\"]').should('be.disabled');",
              "err": {},
              "uuid": "ddf5bc78-4f33-42e1-a02d-32555413beba",
              "parentUUID": "694ed75e-2f96-4bb2-b1b8-a2946e518ded",
              "isHook": false,
              "skipped": false
            }
          ],
          "suites": [],
          "passes": [
            "70a1aa9e-503d-4abe-9346-2503e1798530",
            "ddf5bc78-4f33-42e1-a02d-32555413beba"
          ],
          "failures": [],
          "pending": [],
          "skipped": [],
          "duration": 1242,
          "root": false,
          "rootEmpty": false,
          "_timeout": 2000
        }
      ],
      "passes": [],
      "failures": [],
      "pending": [],
      "skipped": [],
      "duration": 0,
      "root": true,
      "rootEmpty": true,
      "_timeout": 2000
    }
  ],
  "meta": {
    "mocha": {
      "version": "7.0.1"
    },
    "mochawesome": {
      "options": {
        "quiet": false,
        "reportFilename": "mochawesome",
        "saveHtml": false,
        "saveJson": true,
        "consoleReporter": "spec",
        "useInlineDiffs": false,
        "code": true
      },
      "version": "6.2.2"
    },
    "marge": {
      "options": {
        "id": "default",
        "reportDir": "cypress/results/mochawesome",
        "quet": true,
        "overwrite": false,
        "html": false,
        "json": true
      },
      "version": "5.2.0"
    }
  }
}