{
  "stats": {
    "suites": 1,
    "tests": 2,
    "passes": 2,
    "pending": 0,
    "failures": 0,
    "start": "2021-07-23T14:11:12.507Z",
    "end": "2021-07-23T14:11:17.820Z",
    "duration": 5313,
    "testsRegistered": 2,
    "passPercent": 100,
    "pendingPercent": 0,
    "other": 0,
    "hasOther": false,
    "skipped": 0,
    "hasSkipped": false
  },
  "results": [
    {
      "uuid": "c0b44559-45a9-420a-906c-1be31e3db4c3",
      "title": "",
      "fullFile": "cypress/integration/webdriver-uni/contact-us.js",
      "file": "cypress/integration/webdriver-uni/contact-us.js",
      "beforeHooks": [],
      "afterHooks": [],
      "tests": [],
      "suites": [
        {
          "uuid": "3d8d8954-b66a-4b41-a0d9-e2feb22a2af5",
          "title": "Test Contact Us form via WebdriverUni",
          "fullFile": "",
          "file": "",
          "beforeHooks": [],
          "afterHooks": [],
          "tests": [
            {
              "title": "Should be able to submit a successsfull submission via contact us form",
              "fullTitle": "Test Contact Us form via WebdriverUni Should be able to submit a successsfull submission via contact us form",
              "timedOut": null,
              "duration": 4207,
              "state": "passed",
              "speed": "slow",
              "pass": true,
              "fail": false,
              "pending": false,
              "context": null,
              "code": "cy.document().should('have.property', 'charset').and('eq', 'UTF-8');\ncy.title().should('include', 'WebDriver | Contact Us');\ncy.url().should('include', 'Contact-Us');\ncontact_UsPage.contactFormSubmission(Cypress.env('first_name'), user.last_name, user.email, 'test', 'h1', 'Thank You for your Message!');",
              "err": {},
              "uuid": "f699ff29-13cb-42e6-911e-7d87a780b155",
              "parentUUID": "3d8d8954-b66a-4b41-a0d9-e2feb22a2af5",
              "isHook": false,
              "skipped": false
            },
            {
              "title": "Should not be able to submit a successsfull submission via contact us form as all fields are required",
              "fullTitle": "Test Contact Us form via WebdriverUni Should not be able to submit a successsfull submission via contact us form as all fields are required",
              "timedOut": null,
              "duration": 1010,
              "state": "passed",
              "speed": "slow",
              "pass": true,
              "fail": false,
              "pending": false,
              "context": null,
              "code": "if (Cypress.isBrowser('firefox')) {} else {\n  contact_UsPage.contactFormSubmission(user.first_name, user.last_name, ' ', 'test', 'body', 'Error: Invalid email address');\n}",
              "err": {},
              "uuid": "9d14015f-6db4-4f60-a59d-7faf66901636",
              "parentUUID": "3d8d8954-b66a-4b41-a0d9-e2feb22a2af5",
              "isHook": false,
              "skipped": false
            }
          ],
          "suites": [],
          "passes": [
            "f699ff29-13cb-42e6-911e-7d87a780b155",
            "9d14015f-6db4-4f60-a59d-7faf66901636"
          ],
          "failures": [],
          "pending": [],
          "skipped": [],
          "duration": 5217,
          "root": false,
          "rootEmpty": false,
          "_timeout": 2000
        }
      ],
      "passes": [],
      "failures": [],
      "pending": [],
      "skipped": [],
      "duration": 0,
      "root": true,
      "rootEmpty": true,
      "_timeout": 2000
    }
  ],
  "meta": {
    "mocha": {
      "version": "7.0.1"
    },
    "mochawesome": {
      "options": {
        "quiet": false,
        "reportFilename": "mochawesome",
        "saveHtml": false,
        "saveJson": true,
        "consoleReporter": "spec",
        "useInlineDiffs": false,
        "code": true
      },
      "version": "6.2.2"
    },
    "marge": {
      "options": {
        "id": "default",
        "reportDir": "cypress/results/mochawesome",
        "quet": true,
        "overwrite": false,
        "html": false,
        "json": true
      },
      "version": "5.2.0"
    }
  }
}