{
  "stats": {
    "suites": 1,
    "tests": 2,
    "passes": 2,
    "pending": 0,
    "failures": 0,
    "start": "2021-07-23T14:11:41.488Z",
    "end": "2021-07-23T14:11:46.744Z",
    "duration": 5256,
    "testsRegistered": 2,
    "passPercent": 100,
    "pendingPercent": 0,
    "other": 0,
    "hasOther": false,
    "skipped": 0,
    "hasSkipped": false
  },
  "results": [
    {
      "uuid": "f5e093ed-393d-433b-ab19-824e6f1f1d8b",
      "title": "",
      "fullFile": "cypress/integration/webdriver-uni/contact-us.js",
      "file": "cypress/integration/webdriver-uni/contact-us.js",
      "beforeHooks": [],
      "afterHooks": [],
      "tests": [],
      "suites": [
        {
          "uuid": "16b3202e-3a30-4fc3-b480-a1b9eb6179e5",
          "title": "Test Contact Us form via WebdriverUni",
          "fullFile": "",
          "file": "",
          "beforeHooks": [],
          "afterHooks": [],
          "tests": [
            {
              "title": "Should be able to submit a successsfull submission via contact us form",
              "fullTitle": "Test Contact Us form via WebdriverUni Should be able to submit a successsfull submission via contact us form",
              "timedOut": null,
              "duration": 3713,
              "state": "passed",
              "speed": "slow",
              "pass": true,
              "fail": false,
              "pending": false,
              "context": null,
              "code": "cy.document().should('have.property', 'charset').and('eq', 'UTF-8');\ncy.title().should('include', 'WebDriver | Contact Us');\ncy.url().should('include', 'Contact-Us');\ncontact_UsPage.contactFormSubmission(Cypress.env('first_name'), user.last_name, user.email, 'test', 'h1', 'Thank You for your Message!');",
              "err": {},
              "uuid": "7889084b-a4cb-41e2-8c9c-c2e712c9a280",
              "parentUUID": "16b3202e-3a30-4fc3-b480-a1b9eb6179e5",
              "isHook": false,
              "skipped": false
            },
            {
              "title": "Should not be able to submit a successsfull submission via contact us form as all fields are required",
              "fullTitle": "Test Contact Us form via WebdriverUni Should not be able to submit a successsfull submission via contact us form as all fields are required",
              "timedOut": null,
              "duration": 1469,
              "state": "passed",
              "speed": "slow",
              "pass": true,
              "fail": false,
              "pending": false,
              "context": null,
              "code": "if (Cypress.isBrowser('firefox')) {} else {\n  contact_UsPage.contactFormSubmission(user.first_name, user.last_name, ' ', 'test', 'body', 'Error: Invalid email address');\n}",
              "err": {},
              "uuid": "55b6b2a2-99b8-44ab-9030-41c2ba6b9577",
              "parentUUID": "16b3202e-3a30-4fc3-b480-a1b9eb6179e5",
              "isHook": false,
              "skipped": false
            }
          ],
          "suites": [],
          "passes": [
            "7889084b-a4cb-41e2-8c9c-c2e712c9a280",
            "55b6b2a2-99b8-44ab-9030-41c2ba6b9577"
          ],
          "failures": [],
          "pending": [],
          "skipped": [],
          "duration": 5182,
          "root": false,
          "rootEmpty": false,
          "_timeout": 2000
        }
      ],
      "passes": [],
      "failures": [],
      "pending": [],
      "skipped": [],
      "duration": 0,
      "root": true,
      "rootEmpty": true,
      "_timeout": 2000
    }
  ],
  "meta": {
    "mocha": {
      "version": "7.0.1"
    },
    "mochawesome": {
      "options": {
        "quiet": false,
        "reportFilename": "mochawesome",
        "saveHtml": false,
        "saveJson": true,
        "consoleReporter": "spec",
        "useInlineDiffs": false,
        "code": true
      },
      "version": "6.2.2"
    },
    "marge": {
      "options": {
        "id": "default",
        "reportDir": "cypress/results/mochawesome",
        "quet": true,
        "overwrite": false,
        "html": false,
        "json": true
      },
      "version": "5.2.0"
    }
  }
}