{
  "stats": {
    "suites": 1,
    "tests": 1,
    "passes": 1,
    "pending": 0,
    "failures": 0,
    "start": "2021-07-23T11:37:05.062Z",
    "end": "2021-07-23T11:37:09.099Z",
    "duration": 4037,
    "testsRegistered": 1,
    "passPercent": 100,
    "pendingPercent": 0,
    "other": 0,
    "hasOther": false,
    "skipped": 0,
    "hasSkipped": false
  },
  "results": [
    {
      "uuid": "18b057eb-4fc5-4b09-8856-e5240348bd49",
      "title": "",
      "fullFile": "cypress/integration/webdriver-uni/browser-navigation.js",
      "file": "cypress/integration/webdriver-uni/browser-navigation.js",
      "beforeHooks": [],
      "afterHooks": [],
      "tests": [],
      "suites": [
        {
          "uuid": "15ddf675-148b-4bd4-adc7-a188a039f95a",
          "title": "Validate webdriveruni homepage links",
          "fullFile": "",
          "file": "",
          "beforeHooks": [],
          "afterHooks": [],
          "tests": [
            {
              "title": "Validate visiting two defferent domains through a link",
              "fullTitle": "Validate webdriveruni homepage links Validate visiting two defferent domains through a link",
              "timedOut": null,
              "duration": 3978,
              "state": "passed",
              "speed": "slow",
              "pass": true,
              "fail": false,
              "pending": false,
              "context": null,
              "code": "cy.visit('http://www.webdriveruniversity.com/');\ncy.get('#contact-us').invoke('removeAttr', 'target').click({\n  force: true\n});\ncy.url().should('include', 'contactus');\ncy.go('back'); // cy.reload()\ncy.reload(true); //reload without cache\ncy.url().should('include', 'webdriveruniversity');\ncy.go('forward');\ncy.url().should('include', 'contactus');\ncy.go('back');\ncy.get('#login-portal').invoke('removeAttr', 'target').click({\n  force: true\n});\ncy.url().should('include', 'Login-Portal');\ncy.go('back');\ncy.url().should('include', 'webdriveruniversity');\ncy.get('#to-do-list').invoke('removeAttr', 'target').click({\n  force: true\n});\ncy.url().should('include', 'To-Do-List');",
              "err": {},
              "uuid": "e7cfd755-458c-481d-8f27-d2e107edb9be",
              "parentUUID": "15ddf675-148b-4bd4-adc7-a188a039f95a",
              "isHook": false,
              "skipped": false
            }
          ],
          "suites": [],
          "passes": [
            "e7cfd755-458c-481d-8f27-d2e107edb9be"
          ],
          "failures": [],
          "pending": [],
          "skipped": [],
          "duration": 3978,
          "root": false,
          "rootEmpty": false,
          "_timeout": 2000
        }
      ],
      "passes": [],
      "failures": [],
      "pending": [],
      "skipped": [],
      "duration": 0,
      "root": true,
      "rootEmpty": true,
      "_timeout": 2000
    }
  ],
  "meta": {
    "mocha": {
      "version": "7.0.1"
    },
    "mochawesome": {
      "options": {
        "quiet": false,
        "reportFilename": "mochawesome",
        "saveHtml": false,
        "saveJson": true,
        "consoleReporter": "spec",
        "useInlineDiffs": false,
        "code": true
      },
      "version": "6.2.2"
    },
    "marge": {
      "options": {
        "id": "default",
        "reportDir": "cypress/results/mochawesome",
        "quet": true,
        "overwrite": false,
        "html": false,
        "json": true
      },
      "version": "5.2.0"
    }
  }
}