{
  "stats": {
    "suites": 1,
    "tests": 1,
    "passes": 1,
    "pending": 0,
    "failures": 0,
    "start": "2021-07-23T13:58:30.519Z",
    "end": "2021-07-23T13:58:33.226Z",
    "duration": 2707,
    "testsRegistered": 1,
    "passPercent": 100,
    "pendingPercent": 0,
    "other": 0,
    "hasOther": false,
    "skipped": 0,
    "hasSkipped": false
  },
  "results": [
    {
      "uuid": "9d2c67b2-03b8-4bf0-bcec-4548254ab72c",
      "title": "",
      "fullFile": "cypress/integration/automation-teststore/variables-dash-cy-commands.js",
      "file": "cypress/integration/automation-teststore/variables-dash-cy-commands.js",
      "beforeHooks": [],
      "afterHooks": [],
      "tests": [],
      "suites": [
        {
          "uuid": "f52a9746-edc1-4703-902e-88c15473b6ff",
          "title": "Verifying variables, cypress commands and jquery commands",
          "fullFile": "",
          "file": "",
          "beforeHooks": [],
          "afterHooks": [],
          "tests": [
            {
              "title": "Validate properties of the Contact Us Page",
              "fullTitle": "Verifying variables, cypress commands and jquery commands Validate properties of the Contact Us Page",
              "timedOut": null,
              "duration": 1470,
              "state": "passed",
              "speed": "slow",
              "pass": true,
              "fail": false,
              "pending": false,
              "context": null,
              "code": "cy.visit('https://automationteststore.com/index.php?rt=content/contact'); //Uses cypress comamands and chaining\ncy.contains('#ContactUsFrm', 'Contact Us Form').find('#field_11').should('contain', 'First name'); //JQuery Approach\ncy.contains('#ContactUsFrm', 'Contact Us Form').then(function (form) {\n  var firstNameText = form.find('#field_11').text();\n  expect(firstNameText).to.contain('First name');\n}); //Embedded commands (Closure)\ncy.get('#field_11').then(function (text) {\n  cy.log(text.text());\n  cy.log(text.parent());\n});",
              "err": {},
              "uuid": "74681c95-9ae8-4af0-b3bd-e37dc1118b1a",
              "parentUUID": "f52a9746-edc1-4703-902e-88c15473b6ff",
              "isHook": false,
              "skipped": false
            }
          ],
          "suites": [],
          "passes": [
            "74681c95-9ae8-4af0-b3bd-e37dc1118b1a"
          ],
          "failures": [],
          "pending": [],
          "skipped": [],
          "duration": 1470,
          "root": false,
          "rootEmpty": false,
          "_timeout": 2000
        }
      ],
      "passes": [],
      "failures": [],
      "pending": [],
      "skipped": [],
      "duration": 0,
      "root": true,
      "rootEmpty": true,
      "_timeout": 2000
    }
  ],
  "meta": {
    "mocha": {
      "version": "7.0.1"
    },
    "mochawesome": {
      "options": {
        "quiet": false,
        "reportFilename": "mochawesome",
        "saveHtml": false,
        "saveJson": true,
        "consoleReporter": "spec",
        "useInlineDiffs": false,
        "code": true
      },
      "version": "6.2.2"
    },
    "marge": {
      "options": {
        "id": "default",
        "reportDir": "cypress/results/mochawesome",
        "quet": true,
        "overwrite": false,
        "html": false,
        "json": true
      },
      "version": "5.2.0"
    }
  }
}