{
  "stats": {
    "suites": 1,
    "tests": 3,
    "passes": 3,
    "pending": 0,
    "failures": 0,
    "start": "2021-07-23T09:49:16.294Z",
    "end": "2021-07-23T09:49:17.944Z",
    "duration": 1650,
    "testsRegistered": 3,
    "passPercent": 100,
    "pendingPercent": 0,
    "other": 0,
    "hasOther": false,
    "skipped": 0,
    "hasSkipped": false
  },
  "results": [
    {
      "uuid": "01481db2-c8ef-4f18-a1f0-4c5f138a7ba3",
      "title": "",
      "fullFile": "cypress/integration/webdriver-uni/checkboxes.js",
      "file": "cypress/integration/webdriver-uni/checkboxes.js",
      "beforeHooks": [],
      "afterHooks": [],
      "tests": [],
      "suites": [
        {
          "uuid": "847dc351-51b2-42a0-8121-4abe08796bf6",
          "title": "Verify checkboxes via webdriveruni",
          "fullFile": "",
          "file": "",
          "beforeHooks": [],
          "afterHooks": [],
          "tests": [
            {
              "title": "Check and validate checkbox is checked",
              "fullTitle": "Verify checkboxes via webdriveruni Check and validate checkbox is checked",
              "timedOut": null,
              "duration": 544,
              "state": "passed",
              "speed": "slow",
              "pass": true,
              "fail": false,
              "pending": false,
              "context": null,
              "code": "cy.get('#checkboxes > label:nth-child(1) > input[type=checkbox]').as('option-1');",
              "err": {},
              "uuid": "2ee857c4-08ac-44ef-8ccc-16627104c4f1",
              "parentUUID": "847dc351-51b2-42a0-8121-4abe08796bf6",
              "isHook": false,
              "skipped": false
            },
            {
              "title": "Uncheck and validate checkbox is unchecked",
              "fullTitle": "Verify checkboxes via webdriveruni Uncheck and validate checkbox is unchecked",
              "timedOut": null,
              "duration": 348,
              "state": "passed",
              "speed": "slow",
              "pass": true,
              "fail": false,
              "pending": false,
              "context": null,
              "code": "cy.get('#checkboxes label:nth-child(5)').as('option-3');\ncy.get('@option-3').should('not.be.checked');",
              "err": {},
              "uuid": "43961277-4eb9-4e45-9800-2d4e0688ab96",
              "parentUUID": "847dc351-51b2-42a0-8121-4abe08796bf6",
              "isHook": false,
              "skipped": false
            },
            {
              "title": "Check multiple checkboxes",
              "fullTitle": "Verify checkboxes via webdriveruni Check multiple checkboxes",
              "timedOut": null,
              "duration": 723,
              "state": "passed",
              "speed": "slow",
              "pass": true,
              "fail": false,
              "pending": false,
              "context": null,
              "code": "cy.get('input[type=checkbox]').check(['option-1', 'option-2', 'option-3', 'option-4']).should('be.checked');",
              "err": {},
              "uuid": "662543af-ce5b-46b7-84ee-b3b3dd974955",
              "parentUUID": "847dc351-51b2-42a0-8121-4abe08796bf6",
              "isHook": false,
              "skipped": false
            }
          ],
          "suites": [],
          "passes": [
            "2ee857c4-08ac-44ef-8ccc-16627104c4f1",
            "43961277-4eb9-4e45-9800-2d4e0688ab96",
            "662543af-ce5b-46b7-84ee-b3b3dd974955"
          ],
          "failures": [],
          "pending": [],
          "skipped": [],
          "duration": 1615,
          "root": false,
          "rootEmpty": false,
          "_timeout": 2000
        }
      ],
      "passes": [],
      "failures": [],
      "pending": [],
      "skipped": [],
      "duration": 0,
      "root": true,
      "rootEmpty": true,
      "_timeout": 2000
    }
  ],
  "meta": {
    "mocha": {
      "version": "7.0.1"
    },
    "mochawesome": {
      "options": {
        "quiet": false,
        "reportFilename": "mochawesome",
        "saveHtml": false,
        "saveJson": true,
        "consoleReporter": "spec",
        "useInlineDiffs": false,
        "code": true
      },
      "version": "6.2.2"
    },
    "marge": {
      "options": {
        "id": "default",
        "reportDir": "cypress/results/mochawesome",
        "quet": true,
        "overwrite": false,
        "html": false,
        "json": true
      },
      "version": "5.2.0"
    }
  }
}