{
  "stats": {
    "suites": 1,
    "tests": 1,
    "passes": 1,
    "pending": 0,
    "failures": 0,
    "start": "2021-07-23T13:57:42.240Z",
    "end": "2021-07-23T13:57:48.656Z",
    "duration": 6416,
    "testsRegistered": 1,
    "passPercent": 100,
    "pendingPercent": 0,
    "other": 0,
    "hasOther": false,
    "skipped": 0,
    "hasSkipped": false
  },
  "results": [
    {
      "uuid": "52da926d-b082-4ea9-95dc-ed2dfc651280",
      "title": "",
      "fullFile": "cypress/integration/automation-teststore/add-multiple-items-to-cart.js",
      "file": "cypress/integration/automation-teststore/add-multiple-items-to-cart.js",
      "beforeHooks": [],
      "afterHooks": [],
      "tests": [],
      "suites": [
        {
          "uuid": "a4f3e00a-c70e-4128-b153-c16ad90a1a22",
          "title": "Add multiple items to cart",
          "fullFile": "",
          "file": "",
          "beforeHooks": [],
          "afterHooks": [],
          "tests": [
            {
              "title": "Add specific product to cart",
              "fullTitle": "Add multiple items to cart Add specific product to cart",
              "timedOut": null,
              "duration": 4602,
              "state": "passed",
              "speed": "slow",
              "pass": true,
              "fail": false,
              "pending": false,
              "context": null,
              "code": "autoStoreHairCare.addHairCareProductsToCart();",
              "err": {},
              "uuid": "0351d7c5-2142-49f5-ae7c-369f61415456",
              "parentUUID": "a4f3e00a-c70e-4128-b153-c16ad90a1a22",
              "isHook": false,
              "skipped": false
            }
          ],
          "suites": [],
          "passes": [
            "0351d7c5-2142-49f5-ae7c-369f61415456"
          ],
          "failures": [],
          "pending": [],
          "skipped": [],
          "duration": 4602,
          "root": false,
          "rootEmpty": false,
          "_timeout": 2000
        }
      ],
      "passes": [],
      "failures": [],
      "pending": [],
      "skipped": [],
      "duration": 0,
      "root": true,
      "rootEmpty": true,
      "_timeout": 2000
    }
  ],
  "meta": {
    "mocha": {
      "version": "7.0.1"
    },
    "mochawesome": {
      "options": {
        "quiet": false,
        "reportFilename": "mochawesome",
        "saveHtml": false,
        "saveJson": true,
        "consoleReporter": "spec",
        "useInlineDiffs": false,
        "code": true
      },
      "version": "6.2.2"
    },
    "marge": {
      "options": {
        "id": "default",
        "reportDir": "cypress/results/mochawesome",
        "quet": true,
        "overwrite": false,
        "html": false,
        "json": true
      },
      "version": "5.2.0"
    }
  }
}