{
  "stats": {
    "suites": 1,
    "tests": 1,
    "passes": 1,
    "pending": 0,
    "failures": 0,
    "start": "2021-07-23T09:48:11.624Z",
    "end": "2021-07-23T09:48:16.749Z",
    "duration": 5125,
    "testsRegistered": 1,
    "passPercent": 100,
    "pendingPercent": 0,
    "other": 0,
    "hasOther": false,
    "skipped": 0,
    "hasSkipped": false
  },
  "results": [
    {
      "uuid": "af5fd139-3ad2-4327-b637-2661ab44e56e",
      "title": "",
      "fullFile": "cypress/integration/automation-teststore/add-multiple-items-to-cart.js",
      "file": "cypress/integration/automation-teststore/add-multiple-items-to-cart.js",
      "beforeHooks": [],
      "afterHooks": [],
      "tests": [],
      "suites": [
        {
          "uuid": "fa061645-3986-4695-a1dc-4a697308996e",
          "title": "Add multiple items to cart",
          "fullFile": "",
          "file": "",
          "beforeHooks": [],
          "afterHooks": [],
          "tests": [
            {
              "title": "Add specific product to cart",
              "fullTitle": "Add multiple items to cart Add specific product to cart",
              "timedOut": null,
              "duration": 3599,
              "state": "passed",
              "speed": "slow",
              "pass": true,
              "fail": false,
              "pending": false,
              "context": null,
              "code": "autoStoreHairCare.addHairCareProductsToCart();",
              "err": {},
              "uuid": "4280981c-edaa-49a3-a433-3e82ffd0f895",
              "parentUUID": "fa061645-3986-4695-a1dc-4a697308996e",
              "isHook": false,
              "skipped": false
            }
          ],
          "suites": [],
          "passes": [
            "4280981c-edaa-49a3-a433-3e82ffd0f895"
          ],
          "failures": [],
          "pending": [],
          "skipped": [],
          "duration": 3599,
          "root": false,
          "rootEmpty": false,
          "_timeout": 2000
        }
      ],
      "passes": [],
      "failures": [],
      "pending": [],
      "skipped": [],
      "duration": 0,
      "root": true,
      "rootEmpty": true,
      "_timeout": 2000
    }
  ],
  "meta": {
    "mocha": {
      "version": "7.0.1"
    },
    "mochawesome": {
      "options": {
        "quiet": false,
        "reportFilename": "mochawesome",
        "saveHtml": false,
        "saveJson": true,
        "consoleReporter": "spec",
        "useInlineDiffs": false,
        "code": true
      },
      "version": "6.2.2"
    },
    "marge": {
      "options": {
        "id": "default",
        "reportDir": "cypress/results/mochawesome",
        "quet": true,
        "overwrite": false,
        "html": false,
        "json": true
      },
      "version": "5.2.0"
    }
  }
}