{
  "stats": {
    "suites": 1,
    "tests": 16,
    "passes": 16,
    "pending": 0,
    "failures": 0,
    "start": "2021-07-23T09:50:07.847Z",
    "end": "2021-07-23T09:50:16.679Z",
    "duration": 8832,
    "testsRegistered": 16,
    "passPercent": 100,
    "pendingPercent": 0,
    "other": 0,
    "hasOther": false,
    "skipped": 0,
    "hasSkipped": false
  },
  "results": [
    {
      "uuid": "466df70b-f104-4b46-9e4b-e6d4329e1250",
      "title": "",
      "fullFile": "cypress/integration/webdriver-uni/traversing-elements.js",
      "file": "cypress/integration/webdriver-uni/traversing-elements.js",
      "beforeHooks": [],
      "afterHooks": [],
      "tests": [],
      "suites": [
        {
          "uuid": "8c026d96-9549-4a63-afc8-07d3b68082ea",
          "title": "Traversing DOM elements in Cypress",
          "fullFile": "",
          "file": "",
          "beforeHooks": [],
          "afterHooks": [],
          "tests": [
            {
              "title": "children() to get the children of DOM elements",
              "fullTitle": "Traversing DOM elements in Cypress children() to get the children of DOM elements",
              "timedOut": null,
              "duration": 874,
              "state": "passed",
              "speed": "slow",
              "pass": true,
              "fail": false,
              "pending": false,
              "context": null,
              "code": "cy.get('.breadcrumb').children('.active').should('contain', 'Contact Us');",
              "err": {},
              "uuid": "81c0e05d-e8c1-478a-8462-64d06fa6e541",
              "parentUUID": "8c026d96-9549-4a63-afc8-07d3b68082ea",
              "isHook": false,
              "skipped": false
            },
            {
              "title": "closest() to validate the closest ancestor DOM element",
              "fullTitle": "Traversing DOM elements in Cypress closest() to validate the closest ancestor DOM element",
              "timedOut": null,
              "duration": 513,
              "state": "passed",
              "speed": "slow",
              "pass": true,
              "fail": false,
              "pending": false,
              "context": null,
              "code": "cy.get('.traversal-badge').closest('ul').should('have.class', 'list-group');",
              "err": {},
              "uuid": "961ef3fb-3d88-4fcb-9962-4c58780ff452",
              "parentUUID": "8c026d96-9549-4a63-afc8-07d3b68082ea",
              "isHook": false,
              "skipped": false
            },
            {
              "title": "eq() to retrieve a specific element based on index",
              "fullTitle": "Traversing DOM elements in Cypress eq() to retrieve a specific element based on index",
              "timedOut": null,
              "duration": 491,
              "state": "passed",
              "speed": "slow",
              "pass": true,
              "fail": false,
              "pending": false,
              "context": null,
              "code": "cy.get('.traversal-drinks-list > *').eq(2).should('have.text', 'Milk');",
              "err": {},
              "uuid": "28424816-27d7-4ee5-b294-36cf039fa27f",
              "parentUUID": "8c026d96-9549-4a63-afc8-07d3b68082ea",
              "isHook": false,
              "skipped": false
            },
            {
              "title": "filter() to retrieve DOM elements that match a specific selector",
              "fullTitle": "Traversing DOM elements in Cypress filter() to retrieve DOM elements that match a specific selector",
              "timedOut": null,
              "duration": 553,
              "state": "passed",
              "speed": "slow",
              "pass": true,
              "fail": false,
              "pending": false,
              "context": null,
              "code": "cy.get('.btn-group-toggle > *').filter('.active').should('have.text', 'Button-1');",
              "err": {},
              "uuid": "e3714585-1886-44bd-8a4a-73ea27482f0e",
              "parentUUID": "8c026d96-9549-4a63-afc8-07d3b68082ea",
              "isHook": false,
              "skipped": false
            },
            {
              "title": "find() to retrieve DOM elements of a given selector",
              "fullTitle": "Traversing DOM elements in Cypress find() to retrieve DOM elements of a given selector",
              "timedOut": null,
              "duration": 495,
              "state": "passed",
              "speed": "slow",
              "pass": true,
              "fail": false,
              "pending": false,
              "context": null,
              "code": "cy.get('.traversal-pagination').find('li').find('a').should('have.length', 7);",
              "err": {},
              "uuid": "95d827db-8663-4b50-a070-402e3afc8b8b",
              "parentUUID": "8c026d96-9549-4a63-afc8-07d3b68082ea",
              "isHook": false,
              "skipped": false
            },
            {
              "title": "first() to retrieve the first DOM element within elements ",
              "fullTitle": "Traversing DOM elements in Cypress first() to retrieve the first DOM element within elements ",
              "timedOut": null,
              "duration": 529,
              "state": "passed",
              "speed": "slow",
              "pass": true,
              "fail": false,
              "pending": false,
              "context": null,
              "code": "cy.get('.traversal-table >  tbody > tr > td').first().should('have.text', 'Andy');",
              "err": {},
              "uuid": "8b762a3b-7c23-478a-af9a-77dff322e501",
              "parentUUID": "8c026d96-9549-4a63-afc8-07d3b68082ea",
              "isHook": false,
              "skipped": false
            },
            {
              "title": "last() to retrieve the last DOM element within elements",
              "fullTitle": "Traversing DOM elements in Cypress last() to retrieve the last DOM element within elements",
              "timedOut": null,
              "duration": 508,
              "state": "passed",
              "speed": "slow",
              "pass": true,
              "fail": false,
              "pending": false,
              "context": null,
              "code": "cy.get('.traversal-table >  tbody > tr > td').last().should('have.text', 'Scott');",
              "err": {},
              "uuid": "877c0602-f519-4fbb-87d7-09948d02f867",
              "parentUUID": "8c026d96-9549-4a63-afc8-07d3b68082ea",
              "isHook": false,
              "skipped": false
            },
            {
              "title": "nextAll() to get all of the next sibling DOM elements within elements",
              "fullTitle": "Traversing DOM elements in Cypress nextAll() to get all of the next sibling DOM elements within elements",
              "timedOut": null,
              "duration": 524,
              "state": "passed",
              "speed": "slow",
              "pass": true,
              "fail": false,
              "pending": false,
              "context": null,
              "code": "cy.get('#tea').nextAll().should('have.length', 3);",
              "err": {},
              "uuid": "0eb2aa2c-cd59-455e-88cb-052e0770aaed",
              "parentUUID": "8c026d96-9549-4a63-afc8-07d3b68082ea",
              "isHook": false,
              "skipped": false
            },
            {
              "title": "nextUntil() to get all of the next sibling DOM elements within elements until another element",
              "fullTitle": "Traversing DOM elements in Cypress nextUntil() to get all of the next sibling DOM elements within elements until another element",
              "timedOut": null,
              "duration": 754,
              "state": "passed",
              "speed": "slow",
              "pass": true,
              "fail": false,
              "pending": false,
              "context": null,
              "code": "cy.get('#coffee').nextUntil('#milk');",
              "err": {},
              "uuid": "12e23a56-6bfa-4969-9ad2-02d4766e74ec",
              "parentUUID": "8c026d96-9549-4a63-afc8-07d3b68082ea",
              "isHook": false,
              "skipped": false
            },
            {
              "title": "not() to remove DOM element(s) from the set of elements",
              "fullTitle": "Traversing DOM elements in Cypress not() to remove DOM element(s) from the set of elements",
              "timedOut": null,
              "duration": 497,
              "state": "passed",
              "speed": "slow",
              "pass": true,
              "fail": false,
              "pending": false,
              "context": null,
              "code": "cy.get('.traversal-button-states>button').not('.disabled').should('not.have.class', 'disabled');",
              "err": {},
              "uuid": "b6d5d510-a616-4a79-99fc-54b50cc28b45",
              "parentUUID": "8c026d96-9549-4a63-afc8-07d3b68082ea",
              "isHook": false,
              "skipped": false
            },
            {
              "title": "parent() To get parent DOM element of elements",
              "fullTitle": "Traversing DOM elements in Cypress parent() To get parent DOM element of elements",
              "timedOut": null,
              "duration": 475,
              "state": "passed",
              "speed": "slow",
              "pass": true,
              "fail": false,
              "pending": false,
              "context": null,
              "code": "cy.get('.traversal-mark').parent().should('contain', 'Lorem ipsum dolor sit amet, consectetur adipiscing elit, ');",
              "err": {},
              "uuid": "d779c5ca-a24b-4c65-933c-ef51ecce3857",
              "parentUUID": "8c026d96-9549-4a63-afc8-07d3b68082ea",
              "isHook": false,
              "skipped": false
            },
            {
              "title": "parents() to get parents DOM element of elements",
              "fullTitle": "Traversing DOM elements in Cypress parents() to get parents DOM element of elements",
              "timedOut": null,
              "duration": 512,
              "state": "passed",
              "speed": "slow",
              "pass": true,
              "fail": false,
              "pending": false,
              "context": null,
              "code": "cy.get('.traversal-cite').parents().should('match', 'blockquote');",
              "err": {},
              "uuid": "b91c5dc0-a8de-4c25-8357-17546005785a",
              "parentUUID": "8c026d96-9549-4a63-afc8-07d3b68082ea",
              "isHook": false,
              "skipped": false
            },
            {
              "title": "prev() to get the previous sibling DOM element within elements",
              "fullTitle": "Traversing DOM elements in Cypress prev() to get the previous sibling DOM element within elements",
              "timedOut": null,
              "duration": 466,
              "state": "passed",
              "speed": "slow",
              "pass": true,
              "fail": false,
              "pending": false,
              "context": null,
              "code": "cy.get('#sugar').prev().should('have.text', 'Espresso');",
              "err": {},
              "uuid": "f927f7b4-89cc-46ea-8c0c-415c3b2d1ca7",
              "parentUUID": "8c026d96-9549-4a63-afc8-07d3b68082ea",
              "isHook": false,
              "skipped": false
            },
            {
              "title": "prevAll() to get all previous sibling DOM elements within elements",
              "fullTitle": "Traversing DOM elements in Cypress prevAll() to get all previous sibling DOM elements within elements",
              "timedOut": null,
              "duration": 489,
              "state": "passed",
              "speed": "slow",
              "pass": true,
              "fail": false,
              "pending": false,
              "context": null,
              "code": "cy.get('.sales').prevAll().should('contain', 'Technology');",
              "err": {},
              "uuid": "aec58f35-81d3-4961-b04f-3fd2f715c939",
              "parentUUID": "8c026d96-9549-4a63-afc8-07d3b68082ea",
              "isHook": false,
              "skipped": false
            },
            {
              "title": "prevUntil() to get all previous sibling DOM elements within elements until other element",
              "fullTitle": "Traversing DOM elements in Cypress prevUntil() to get all previous sibling DOM elements within elements until other element",
              "timedOut": null,
              "duration": 502,
              "state": "passed",
              "speed": "slow",
              "pass": true,
              "fail": false,
              "pending": false,
              "context": null,
              "code": "cy.get('#veggie').prevUntil('#fruits').should('have.length', 5);",
              "err": {},
              "uuid": "8094d607-e215-49fc-9da2-436d74e5bc6e",
              "parentUUID": "8c026d96-9549-4a63-afc8-07d3b68082ea",
              "isHook": false,
              "skipped": false
            },
            {
              "title": "siblings() To get all sibling DOM elements of elements",
              "fullTitle": "Traversing DOM elements in Cypress siblings() To get all sibling DOM elements of elements",
              "timedOut": null,
              "duration": 522,
              "state": "passed",
              "speed": "slow",
              "pass": true,
              "fail": false,
              "pending": false,
              "context": null,
              "code": "cy.get('.traversal-button-other-states .active').siblings().should('have.length', 3);",
              "err": {},
              "uuid": "95780aac-35a1-4e75-a790-f74659743d91",
              "parentUUID": "8c026d96-9549-4a63-afc8-07d3b68082ea",
              "isHook": false,
              "skipped": false
            }
          ],
          "suites": [],
          "passes": [
            "81c0e05d-e8c1-478a-8462-64d06fa6e541",
            "961ef3fb-3d88-4fcb-9962-4c58780ff452",
            "28424816-27d7-4ee5-b294-36cf039fa27f",
            "e3714585-1886-44bd-8a4a-73ea27482f0e",
            "95d827db-8663-4b50-a070-402e3afc8b8b",
            "8b762a3b-7c23-478a-af9a-77dff322e501",
            "877c0602-f519-4fbb-87d7-09948d02f867",
            "0eb2aa2c-cd59-455e-88cb-052e0770aaed",
            "12e23a56-6bfa-4969-9ad2-02d4766e74ec",
            "b6d5d510-a616-4a79-99fc-54b50cc28b45",
            "d779c5ca-a24b-4c65-933c-ef51ecce3857",
            "b91c5dc0-a8de-4c25-8357-17546005785a",
            "f927f7b4-89cc-46ea-8c0c-415c3b2d1ca7",
            "aec58f35-81d3-4961-b04f-3fd2f715c939",
            "8094d607-e215-49fc-9da2-436d74e5bc6e",
            "95780aac-35a1-4e75-a790-f74659743d91"
          ],
          "failures": [],
          "pending": [],
          "skipped": [],
          "duration": 8704,
          "root": false,
          "rootEmpty": false,
          "_timeout": 2000
        }
      ],
      "passes": [],
      "failures": [],
      "pending": [],
      "skipped": [],
      "duration": 0,
      "root": true,
      "rootEmpty": true,
      "_timeout": 2000
    }
  ],
  "meta": {
    "mocha": {
      "version": "7.0.1"
    },
    "mochawesome": {
      "options": {
        "quiet": false,
        "reportFilename": "mochawesome",
        "saveHtml": false,
        "saveJson": true,
        "consoleReporter": "spec",
        "useInlineDiffs": false,
        "code": true
      },
      "version": "6.2.2"
    },
    "marge": {
      "options": {
        "id": "default",
        "reportDir": "cypress/results/mochawesome",
        "quet": true,
        "overwrite": false,
        "html": false,
        "json": true
      },
      "version": "5.2.0"
    }
  }
}