{
  "stats": {
    "suites": 1,
    "tests": 1,
    "passes": 0,
    "pending": 0,
    "failures": 1,
    "start": "2021-07-28T09:58:16.733Z",
    "end": "2021-07-28T09:58:35.694Z",
    "duration": 18961,
    "testsRegistered": 1,
    "passPercent": 0,
    "pendingPercent": 0,
    "other": 0,
    "hasOther": false,
    "skipped": 0,
    "hasSkipped": false
  },
  "results": [
    {
      "uuid": "b54254be-8a0c-44ba-9b81-0cbb4356cb4c",
      "title": "",
      "fullFile": "cypress/integration/automation-teststore/add-multiple-items-to-cart.js",
      "file": "cypress/integration/automation-teststore/add-multiple-items-to-cart.js",
      "beforeHooks": [],
      "afterHooks": [],
      "tests": [],
      "suites": [
        {
          "uuid": "d44f9f58-6568-462d-9f7a-929973961932",
          "title": "Add multiple items to cart",
          "fullFile": "",
          "file": "",
          "beforeHooks": [],
          "afterHooks": [],
          "tests": [
            {
              "title": "Add specific product to cart",
              "fullTitle": "Add multiple items to cart Add specific product to cart",
              "timedOut": null,
              "duration": 6716,
              "state": "failed",
              "speed": null,
              "pass": false,
              "fail": true,
              "pending": false,
              "context": null,
              "code": "autoStoreHairCare.addHairCareProductsToCart();",
              "err": {
                "message": "AssertionError: Timed out retrying after 4000ms: Expected to find element: `.block_7 > .nav > .dropdown > .dropdown-toggle1`, but never found it.",
                "estack": "AssertionError: Timed out retrying after 4000ms: Expected to find element: `.block_7 > .nav > .dropdown > .dropdown-toggle1`, but never found it.\n    at Autostore_HairCare_PO.addHairCareProductsToCart (https://automationteststore.com/__cypress/tests?p=cypress/integration/automation-teststore/add-multiple-items-to-cart.js:167:8)\n    at Context.eval (https://automationteststore.com/__cypress/tests?p=cypress/integration/automation-teststore/add-multiple-items-to-cart.js:139:23)",
                "diff": null
              },
              "uuid": "7c924abe-9695-4fbd-afeb-77fdef032447",
              "parentUUID": "d44f9f58-6568-462d-9f7a-929973961932",
              "isHook": false,
              "skipped": false
            }
          ],
          "suites": [],
          "passes": [],
          "failures": [
            "7c924abe-9695-4fbd-afeb-77fdef032447"
          ],
          "pending": [],
          "skipped": [],
          "duration": 6716,
          "root": false,
          "rootEmpty": false,
          "_timeout": 2000
        }
      ],
      "passes": [],
      "failures": [],
      "pending": [],
      "skipped": [],
      "duration": 0,
      "root": true,
      "rootEmpty": true,
      "_timeout": 2000
    }
  ],
  "meta": {
    "mocha": {
      "version": "7.0.1"
    },
    "mochawesome": {
      "options": {
        "quiet": false,
        "reportFilename": "mochawesome",
        "saveHtml": false,
        "saveJson": true,
        "consoleReporter": "spec",
        "useInlineDiffs": false,
        "code": true
      },
      "version": "6.2.2"
    },
    "marge": {
      "options": {
        "id": "default",
        "reportDir": "cypress/results/mochawesome",
        "quet": true,
        "overwrite": false,
        "html": false,
        "json": true
      },
      "version": "5.2.0"
    }
  }
}