{
  "stats": {
    "suites": 1,
    "tests": 1,
    "passes": 0,
    "pending": 0,
    "failures": 1,
    "start": "2021-07-27T16:09:59.362Z",
    "end": "2021-07-27T16:10:08.102Z",
    "duration": 8740,
    "testsRegistered": 1,
    "passPercent": 0,
    "pendingPercent": 0,
    "other": 0,
    "hasOther": false,
    "skipped": 0,
    "hasSkipped": false
  },
  "results": [
    {
      "uuid": "4aa8531f-f9ea-40e0-95d3-46b61f3ffdc5",
      "title": "",
      "fullFile": "cypress/integration/automation-teststore/add-multiple-items-to-cart.js",
      "file": "cypress/integration/automation-teststore/add-multiple-items-to-cart.js",
      "beforeHooks": [],
      "afterHooks": [],
      "tests": [],
      "suites": [
        {
          "uuid": "6b964bbd-507e-4634-8058-a83788df50f5",
          "title": "Add multiple items to cart",
          "fullFile": "",
          "file": "",
          "beforeHooks": [],
          "afterHooks": [],
          "tests": [
            {
              "title": "Add specific product to cart",
              "fullTitle": "Add multiple items to cart Add specific product to cart",
              "timedOut": null,
              "duration": 7087,
              "state": "failed",
              "speed": null,
              "pass": false,
              "fail": true,
              "pending": false,
              "context": null,
              "code": "autoStoreHairCare.addHairCareProductsToCart();",
              "err": {
                "message": "AssertionError: Timed out retrying: Expected to find element: `.block_7 > .nav > .dropdown > .dropdown-toggle1`, but never found it.",
                "estack": "AssertionError: Timed out retrying: Expected to find element: `.block_7 > .nav > .dropdown > .dropdown-toggle1`, but never found it.\n    at Autostore_HairCare_PO.addHairCareProductsToCart (https://automationteststore.com/__cypress/tests?p=cypress/integration/automation-teststore/add-multiple-items-to-cart.js:96:10)\n    at Context.eval (https://automationteststore.com/__cypress/tests?p=cypress/integration/automation-teststore/add-multiple-items-to-cart.js:65:23)",
                "diff": null
              },
              "uuid": "eefa4b9d-598f-4d78-bdcd-44b1bd0d93d0",
              "parentUUID": "6b964bbd-507e-4634-8058-a83788df50f5",
              "isHook": false,
              "skipped": false
            }
          ],
          "suites": [],
          "passes": [],
          "failures": [
            "eefa4b9d-598f-4d78-bdcd-44b1bd0d93d0"
          ],
          "pending": [],
          "skipped": [],
          "duration": 7087,
          "root": false,
          "rootEmpty": false,
          "_timeout": 2000
        }
      ],
      "passes": [],
      "failures": [],
      "pending": [],
      "skipped": [],
      "duration": 0,
      "root": true,
      "rootEmpty": true,
      "_timeout": 2000
    }
  ],
  "meta": {
    "mocha": {
      "version": "7.0.1"
    },
    "mochawesome": {
      "options": {
        "quiet": false,
        "reportFilename": "mochawesome",
        "saveHtml": false,
        "saveJson": true,
        "consoleReporter": "spec",
        "useInlineDiffs": false,
        "code": true
      },
      "version": "6.2.2"
    },
    "marge": {
      "options": {
        "id": "default",
        "reportDir": "cypress/results/mochawesome",
        "quet": true,
        "overwrite": false,
        "html": false,
        "json": true
      },
      "version": "5.2.0"
    }
  }
}