{
  "stats": {
    "suites": 1,
    "tests": 4,
    "passes": 4,
    "pending": 0,
    "failures": 0,
    "start": "2021-07-23T11:38:46.760Z",
    "end": "2021-07-23T11:38:49.657Z",
    "duration": 2897,
    "testsRegistered": 4,
    "passPercent": 100,
    "pendingPercent": 0,
    "other": 0,
    "hasOther": false,
    "skipped": 0,
    "hasSkipped": false
  },
  "results": [
    {
      "uuid": "30552645-52de-4bd2-b3e9-c20c458a0129",
      "title": "",
      "fullFile": "cypress/integration/webdriver-uni/mouse-actions.js",
      "file": "cypress/integration/webdriver-uni/mouse-actions.js",
      "beforeHooks": [],
      "afterHooks": [],
      "tests": [],
      "suites": [
        {
          "uuid": "a4b560cc-a343-42ca-80f4-ab37c5b991e3",
          "title": "Test mouse actions",
          "fullFile": "",
          "file": "",
          "beforeHooks": [],
          "afterHooks": [],
          "tests": [
            {
              "title": "Scroll element into view",
              "fullTitle": "Test mouse actions Scroll element into view",
              "timedOut": null,
              "duration": 1115,
              "state": "passed",
              "speed": "slow",
              "pass": true,
              "fail": false,
              "pending": false,
              "context": null,
              "code": "cy.visit('http://www.webdriveruniversity.com/');\ncy.get('#actions').scrollIntoView().invoke('removeAttr', 'target').click({\n  force: true\n});",
              "err": {},
              "uuid": "ec56487f-e550-41d6-a898-a21835763de0",
              "parentUUID": "a4b560cc-a343-42ca-80f4-ab37c5b991e3",
              "isHook": false,
              "skipped": false
            },
            {
              "title": "I should be able to drag and drop a draggable item",
              "fullTitle": "Test mouse actions I should be able to drag and drop a draggable item",
              "timedOut": null,
              "duration": 587,
              "state": "passed",
              "speed": "slow",
              "pass": true,
              "fail": false,
              "pending": false,
              "context": null,
              "code": "cy.visit('http://www.webdriveruniversity.com/');\ncy.get('#actions').scrollIntoView().invoke('removeAttr', 'target').click({\n  force: true\n});\ncy.get('#draggable').trigger('mousedown', {\n  which: 1\n});\ncy.get('#droppable').trigger('mousemove').trigger('mouseup', {\n  force: true\n});\ncy.get('#droppable > p').should('have.text', 'Dropped!');",
              "err": {},
              "uuid": "be227fbf-2559-471e-8e9c-b59318643e19",
              "parentUUID": "a4b560cc-a343-42ca-80f4-ab37c5b991e3",
              "isHook": false,
              "skipped": false
            },
            {
              "title": "I should be able to perform a doublemouse click",
              "fullTitle": "Test mouse actions I should be able to perform a doublemouse click",
              "timedOut": null,
              "duration": 595,
              "state": "passed",
              "speed": "slow",
              "pass": true,
              "fail": false,
              "pending": false,
              "context": null,
              "code": "cy.visit('http://www.webdriveruniversity.com/');\ncy.get('#actions').scrollIntoView().invoke('removeAttr', 'target').click({\n  force: true\n});\ncy.get('#double-click').dblclick().find('h2').should('have.text', 'Double Click Me!');",
              "err": {},
              "uuid": "f2ab0f24-0af9-44d8-ad8f-7f9f5539725c",
              "parentUUID": "a4b560cc-a343-42ca-80f4-ab37c5b991e3",
              "isHook": false,
              "skipped": false
            },
            {
              "title": "I should be able hold down the left mouse click button on a given element",
              "fullTitle": "Test mouse actions I should be able hold down the left mouse click button on a given element",
              "timedOut": null,
              "duration": 538,
              "state": "passed",
              "speed": "slow",
              "pass": true,
              "fail": false,
              "pending": false,
              "context": null,
              "code": "cy.visit('http://www.webdriveruniversity.com/');\ncy.get('#actions').scrollIntoView().invoke('removeAttr', 'target').click({\n  force: true\n});\ncy.get('#click-box').trigger('mousedown', {\n  which: 1\n}).then(function (el) {\n  expect(el).to.have.css('background-color', 'rgb(0, 255, 0)');\n  cy.wrap(el).should('have.css', 'background-color', 'rgb(0, 255, 0)');\n});\nconsole.log((0, _typeof2[\"default\"])(cy.get('#click-box').trigger('mousedown', {\n  which: 1\n})));",
              "err": {},
              "uuid": "7594bb77-6987-4b70-b131-cc0a66d02806",
              "parentUUID": "a4b560cc-a343-42ca-80f4-ab37c5b991e3",
              "isHook": false,
              "skipped": false
            }
          ],
          "suites": [],
          "passes": [
            "ec56487f-e550-41d6-a898-a21835763de0",
            "be227fbf-2559-471e-8e9c-b59318643e19",
            "f2ab0f24-0af9-44d8-ad8f-7f9f5539725c",
            "7594bb77-6987-4b70-b131-cc0a66d02806"
          ],
          "failures": [],
          "pending": [],
          "skipped": [],
          "duration": 2835,
          "root": false,
          "rootEmpty": false,
          "_timeout": 2000
        }
      ],
      "passes": [],
      "failures": [],
      "pending": [],
      "skipped": [],
      "duration": 0,
      "root": true,
      "rootEmpty": true,
      "_timeout": 2000
    }
  ],
  "meta": {
    "mocha": {
      "version": "7.0.1"
    },
    "mochawesome": {
      "options": {
        "quiet": false,
        "reportFilename": "mochawesome",
        "saveHtml": false,
        "saveJson": true,
        "consoleReporter": "spec",
        "useInlineDiffs": false,
        "code": true
      },
      "version": "6.2.2"
    },
    "marge": {
      "options": {
        "id": "default",
        "reportDir": "cypress/results/mochawesome",
        "quet": true,
        "overwrite": false,
        "html": false,
        "json": true
      },
      "version": "5.2.0"
    }
  }
}