{
  "stats": {
    "suites": 1,
    "tests": 4,
    "passes": 4,
    "pending": 0,
    "failures": 0,
    "start": "2021-07-23T09:49:58.349Z",
    "end": "2021-07-23T09:50:01.123Z",
    "duration": 2774,
    "testsRegistered": 4,
    "passPercent": 100,
    "pendingPercent": 0,
    "other": 0,
    "hasOther": false,
    "skipped": 0,
    "hasSkipped": false
  },
  "results": [
    {
      "uuid": "b4914702-67bf-4cdd-9960-d14a7d61f4b2",
      "title": "",
      "fullFile": "cypress/integration/webdriver-uni/mouse-actions.js",
      "file": "cypress/integration/webdriver-uni/mouse-actions.js",
      "beforeHooks": [],
      "afterHooks": [],
      "tests": [],
      "suites": [
        {
          "uuid": "ed3335bf-320c-407a-9395-2cf1b7ac588f",
          "title": "Test mouse actions",
          "fullFile": "",
          "file": "",
          "beforeHooks": [],
          "afterHooks": [],
          "tests": [
            {
              "title": "Scroll element into view",
              "fullTitle": "Test mouse actions Scroll element into view",
              "timedOut": null,
              "duration": 779,
              "state": "passed",
              "speed": "slow",
              "pass": true,
              "fail": false,
              "pending": false,
              "context": null,
              "code": "cy.visit('http://www.webdriveruniversity.com/');\ncy.get('#actions').scrollIntoView().invoke('removeAttr', 'target').click({\n  force: true\n});",
              "err": {},
              "uuid": "86a44742-7546-4895-aa06-bcf65baf085c",
              "parentUUID": "ed3335bf-320c-407a-9395-2cf1b7ac588f",
              "isHook": false,
              "skipped": false
            },
            {
              "title": "I should be able to drag and drop a draggable item",
              "fullTitle": "Test mouse actions I should be able to drag and drop a draggable item",
              "timedOut": null,
              "duration": 569,
              "state": "passed",
              "speed": "slow",
              "pass": true,
              "fail": false,
              "pending": false,
              "context": null,
              "code": "cy.visit('http://www.webdriveruniversity.com/');\ncy.get('#actions').scrollIntoView().invoke('removeAttr', 'target').click({\n  force: true\n});\ncy.get('#draggable').trigger('mousedown', {\n  which: 1\n});\ncy.get('#droppable').trigger('mousemove').trigger('mouseup', {\n  force: true\n});\ncy.get('#droppable > p').should('have.text', 'Dropped!');",
              "err": {},
              "uuid": "ac0fec64-3116-4330-b06f-50e672a27440",
              "parentUUID": "ed3335bf-320c-407a-9395-2cf1b7ac588f",
              "isHook": false,
              "skipped": false
            },
            {
              "title": "I should be able to perform a doublemouse click",
              "fullTitle": "Test mouse actions I should be able to perform a doublemouse click",
              "timedOut": null,
              "duration": 557,
              "state": "passed",
              "speed": "slow",
              "pass": true,
              "fail": false,
              "pending": false,
              "context": null,
              "code": "cy.visit('http://www.webdriveruniversity.com/');\ncy.get('#actions').scrollIntoView().invoke('removeAttr', 'target').click({\n  force: true\n});\ncy.get('#double-click').dblclick().find('h2').should('have.text', 'Double Click Me!');",
              "err": {},
              "uuid": "c46de57c-fcff-4871-8b30-9b6ee3a47a2f",
              "parentUUID": "ed3335bf-320c-407a-9395-2cf1b7ac588f",
              "isHook": false,
              "skipped": false
            },
            {
              "title": "I should be able hold down the left mouse click button on a given element",
              "fullTitle": "Test mouse actions I should be able hold down the left mouse click button on a given element",
              "timedOut": null,
              "duration": 815,
              "state": "passed",
              "speed": "slow",
              "pass": true,
              "fail": false,
              "pending": false,
              "context": null,
              "code": "cy.visit('http://www.webdriveruniversity.com/');\ncy.get('#actions').scrollIntoView().invoke('removeAttr', 'target').click({\n  force: true\n});\ncy.get('#click-box').trigger('mousedown', {\n  which: 1\n}).then(function (el) {\n  expect(el).to.have.css('background-color', 'rgb(0, 255, 0)');\n  cy.wrap(el).should('have.css', 'background-color', 'rgb(0, 255, 0)');\n});\nconsole.log((0, _typeof2[\"default\"])(cy.get('#click-box').trigger('mousedown', {\n  which: 1\n})));",
              "err": {},
              "uuid": "899fea76-20a0-4ca0-8e9f-18fa20477929",
              "parentUUID": "ed3335bf-320c-407a-9395-2cf1b7ac588f",
              "isHook": false,
              "skipped": false
            }
          ],
          "suites": [],
          "passes": [
            "86a44742-7546-4895-aa06-bcf65baf085c",
            "ac0fec64-3116-4330-b06f-50e672a27440",
            "c46de57c-fcff-4871-8b30-9b6ee3a47a2f",
            "899fea76-20a0-4ca0-8e9f-18fa20477929"
          ],
          "failures": [],
          "pending": [],
          "skipped": [],
          "duration": 2720,
          "root": false,
          "rootEmpty": false,
          "_timeout": 2000
        }
      ],
      "passes": [],
      "failures": [],
      "pending": [],
      "skipped": [],
      "duration": 0,
      "root": true,
      "rootEmpty": true,
      "_timeout": 2000
    }
  ],
  "meta": {
    "mocha": {
      "version": "7.0.1"
    },
    "mochawesome": {
      "options": {
        "quiet": false,
        "reportFilename": "mochawesome",
        "saveHtml": false,
        "saveJson": true,
        "consoleReporter": "spec",
        "useInlineDiffs": false,
        "code": true
      },
      "version": "6.2.2"
    },
    "marge": {
      "options": {
        "id": "default",
        "reportDir": "cypress/results/mochawesome",
        "quet": true,
        "overwrite": false,
        "html": false,
        "json": true
      },
      "version": "5.2.0"
    }
  }
}