{
  "stats": {
    "suites": 1,
    "tests": 1,
    "passes": 1,
    "pending": 0,
    "failures": 0,
    "start": "2021-07-23T11:38:18.286Z",
    "end": "2021-07-23T11:38:22.260Z",
    "duration": 3974,
    "testsRegistered": 1,
    "passPercent": 100,
    "pendingPercent": 0,
    "other": 0,
    "hasOther": false,
    "skipped": 0,
    "hasSkipped": false
  },
  "results": [
    {
      "uuid": "586a13b4-127c-4fe9-aa07-dec9c719904f",
      "title": "",
      "fullFile": "cypress/integration/webdriver-uni/date-picker.js",
      "file": "cypress/integration/webdriver-uni/date-picker.js",
      "beforeHooks": [],
      "afterHooks": [],
      "tests": [],
      "suites": [
        {
          "uuid": "7ea2b56c-44a4-44c1-adc1-3a66d515c388",
          "title": "Test date picker via webdriver uni",
          "fullFile": "",
          "file": "",
          "beforeHooks": [],
          "afterHooks": [],
          "tests": [
            {
              "title": "Select date from date picker",
              "fullTitle": "Test date picker via webdriver uni Select date from date picker",
              "timedOut": null,
              "duration": 3869,
              "state": "passed",
              "speed": "slow",
              "pass": true,
              "fail": false,
              "pending": false,
              "context": null,
              "code": "var date = new Date();\ndate.setDate(date.getDate() + 360); //get current date i.e. 21 \nvar futYear = date.getFullYear();\nvar futMonth = date.toLocaleString('default', {\n  month: 'long'\n});\nvar futDay = date.getDate();\ncy.get('.input-group-addon').click();\nvar datepicker = function datepicker() {\n  cy.get('.datepicker-dropdown').find('.datepicker-switch').first().then(function (currentdate) {\n    if (!(currentdate.text().includes(futYear) && currentdate.text().includes(futMonth))) {\n      cy.get('.next').first().click();\n      datepicker();\n    }\n  });\n};\nvar selectFutureDay = function selectFutureDay() {\n  cy.get('.day').contains(futDay).click();\n};\ndatepicker();\nselectFutureDay();",
              "err": {},
              "uuid": "e8b48c7a-2165-41fa-addf-f46887757414",
              "parentUUID": "7ea2b56c-44a4-44c1-adc1-3a66d515c388",
              "isHook": false,
              "skipped": false
            }
          ],
          "suites": [],
          "passes": [
            "e8b48c7a-2165-41fa-addf-f46887757414"
          ],
          "failures": [],
          "pending": [],
          "skipped": [],
          "duration": 3869,
          "root": false,
          "rootEmpty": false,
          "_timeout": 2000
        }
      ],
      "passes": [],
      "failures": [],
      "pending": [],
      "skipped": [],
      "duration": 0,
      "root": true,
      "rootEmpty": true,
      "_timeout": 2000
    }
  ],
  "meta": {
    "mocha": {
      "version": "7.0.1"
    },
    "mochawesome": {
      "options": {
        "quiet": false,
        "reportFilename": "mochawesome",
        "saveHtml": false,
        "saveJson": true,
        "consoleReporter": "spec",
        "useInlineDiffs": false,
        "code": true
      },
      "version": "6.2.2"
    },
    "marge": {
      "options": {
        "id": "default",
        "reportDir": "cypress/results/mochawesome",
        "quet": true,
        "overwrite": false,
        "html": false,
        "json": true
      },
      "version": "5.2.0"
    }
  }
}