{
  "stats": {
    "suites": 1,
    "tests": 1,
    "passes": 0,
    "pending": 0,
    "failures": 1,
    "start": "2021-07-23T13:08:45.065Z",
    "end": "2021-07-23T13:09:02.337Z",
    "duration": 17272,
    "testsRegistered": 1,
    "passPercent": 0,
    "pendingPercent": 0,
    "other": 0,
    "hasOther": false,
    "skipped": 0,
    "hasSkipped": false
  },
  "results": [
    {
      "uuid": "ae6115d4-b307-450d-a7fd-92d06ad5d908",
      "title": "",
      "fullFile": "cypress/integration/automation-teststore/contact-us.js",
      "file": "cypress/integration/automation-teststore/contact-us.js",
      "beforeHooks": [],
      "afterHooks": [],
      "tests": [],
      "suites": [
        {
          "uuid": "128611e8-31e8-4a98-a1c3-1190477e72cc",
          "title": "Test Contact Us form via Automation-teststore",
          "fullFile": "",
          "file": "",
          "beforeHooks": [],
          "afterHooks": [],
          "tests": [
            {
              "title": "Should be able to submit a successsfull submission via contact us form",
              "fullTitle": "Test Contact Us form via Automation-teststore Should be able to submit a successsfull submission via contact us form",
              "timedOut": null,
              "duration": 4877,
              "state": "failed",
              "speed": null,
              "pass": false,
              "fail": true,
              "pending": false,
              "context": null,
              "code": "cy.visit('https://automationteststore.com/index.php');\ncy.get('a555').contains('Contact Us').click().then(function (el) {\n  cy.log('Button text is: ' + el.text());\n});\ncy.get('[name=\"first_name\"]').click().type('Alex');\ncy.get('#ContactUsFrm_email').click().type('avellex@gmail.com');\ncy.get('#ContactUsFrm_email').should('have.attr', 'name', 'email');\ncy.get('#ContactUsFrm_enquiry').click().type('test_message');\ncy.get('[title=\"Submit\"]').click();\ncy.get('.mb40 > :nth-child(3)').should('have.text', 'Your enquiry has been successfully sent to the store owner!');\ncy.log('Test has completed');",
              "err": {
                "message": "AssertionError: Timed out retrying: Expected to find element: `a555`, but never found it.",
                "estack": "AssertionError: Timed out retrying: Expected to find element: `a555`, but never found it.\n    at Context.eval (https://automationteststore.com/__cypress/tests?p=cypress/integration/automation-teststore/contact-us.js:8:8)",
                "diff": null
              },
              "uuid": "702b74d3-5f88-4562-941f-0512677b116d",
              "parentUUID": "128611e8-31e8-4a98-a1c3-1190477e72cc",
              "isHook": false,
              "skipped": false
            }
          ],
          "suites": [],
          "passes": [],
          "failures": [
            "702b74d3-5f88-4562-941f-0512677b116d"
          ],
          "pending": [],
          "skipped": [],
          "duration": 4877,
          "root": false,
          "rootEmpty": false,
          "_timeout": 2000
        }
      ],
      "passes": [],
      "failures": [],
      "pending": [],
      "skipped": [],
      "duration": 0,
      "root": true,
      "rootEmpty": true,
      "_timeout": 2000
    }
  ],
  "meta": {
    "mocha": {
      "version": "7.0.1"
    },
    "mochawesome": {
      "options": {
        "quiet": false,
        "reportFilename": "mochawesome",
        "saveHtml": false,
        "saveJson": true,
        "consoleReporter": "spec",
        "useInlineDiffs": false,
        "code": true
      },
      "version": "6.2.2"
    },
    "marge": {
      "options": {
        "id": "default",
        "reportDir": "cypress/results/mochawesome",
        "quet": true,
        "overwrite": false,
        "html": false,
        "json": true
      },
      "version": "5.2.0"
    }
  }
}