{
  "stats": {
    "suites": 1,
    "tests": 4,
    "passes": 4,
    "pending": 0,
    "failures": 0,
    "start": "2021-07-28T09:59:10.677Z",
    "end": "2021-07-28T09:59:20.859Z",
    "duration": 10182,
    "testsRegistered": 4,
    "passPercent": 100,
    "pendingPercent": 0,
    "other": 0,
    "hasOther": false,
    "skipped": 0,
    "hasSkipped": false
  },
  "results": [
    {
      "uuid": "3ca2ea64-b783-48b3-9761-30e77294cb80",
      "title": "",
      "fullFile": "cypress/integration/automation-teststore/iterate-over-elememts.js",
      "file": "cypress/integration/automation-teststore/iterate-over-elememts.js",
      "beforeHooks": [],
      "afterHooks": [],
      "tests": [],
      "suites": [
        {
          "uuid": "a6ac9951-af7a-4f94-93ee-aea8a63fbd79",
          "title": "Verifying variables, cypress commands and jquery commands",
          "fullFile": "",
          "file": "",
          "beforeHooks": [],
          "afterHooks": [],
          "tests": [
            {
              "title": "Log info of all haircare products",
              "fullTitle": "Verifying variables, cypress commands and jquery commands Log info of all haircare products",
              "timedOut": null,
              "duration": 3000,
              "state": "passed",
              "speed": "slow",
              "pass": true,
              "fail": false,
              "pending": false,
              "context": null,
              "code": "cy.get('.fixed_wrapper  .prdocutname').each(($el, index, $list) => {\n  cy.log(\"Index: \" + index + 'is ' + $el.text());\n});",
              "err": {},
              "uuid": "20be9683-51da-40ae-ba64-4088a4b38cc1",
              "parentUUID": "a6ac9951-af7a-4f94-93ee-aea8a63fbd79",
              "isHook": false,
              "skipped": false
            },
            {
              "title": "Add specific product to cart",
              "fullTitle": "Verifying variables, cypress commands and jquery commands Add specific product to cart",
              "timedOut": null,
              "duration": 1914,
              "state": "passed",
              "speed": "slow",
              "pass": true,
              "fail": false,
              "pending": false,
              "context": null,
              "code": "cy.selectProduct('Curls to straight Shampoo');",
              "err": {},
              "uuid": "32719019-1245-47a0-a70c-bf27e0d3a965",
              "parentUUID": "a6ac9951-af7a-4f94-93ee-aea8a63fbd79",
              "isHook": false,
              "skipped": false
            },
            {
              "title": "Add another product to cart",
              "fullTitle": "Verifying variables, cypress commands and jquery commands Add another product to cart",
              "timedOut": null,
              "duration": 2101,
              "state": "passed",
              "speed": "slow",
              "pass": true,
              "fail": false,
              "pending": false,
              "context": null,
              "code": "cy.selectProduct('Seaweed Conditioner');",
              "err": {},
              "uuid": "56f5cb68-ac4b-4623-88a8-1c03508729a9",
              "parentUUID": "a6ac9951-af7a-4f94-93ee-aea8a63fbd79",
              "isHook": false,
              "skipped": false
            },
            {
              "title": "Add one more product to cart",
              "fullTitle": "Verifying variables, cypress commands and jquery commands Add one more product to cart",
              "timedOut": null,
              "duration": 1743,
              "state": "passed",
              "speed": "slow",
              "pass": true,
              "fail": false,
              "pending": false,
              "context": null,
              "code": "cy.selectProduct('Eau Parfumee au The Vert Shampoo');",
              "err": {},
              "uuid": "3493b94e-c787-4221-b1dd-2e1fdb04f145",
              "parentUUID": "a6ac9951-af7a-4f94-93ee-aea8a63fbd79",
              "isHook": false,
              "skipped": false
            }
          ],
          "suites": [],
          "passes": [
            "20be9683-51da-40ae-ba64-4088a4b38cc1",
            "32719019-1245-47a0-a70c-bf27e0d3a965",
            "56f5cb68-ac4b-4623-88a8-1c03508729a9",
            "3493b94e-c787-4221-b1dd-2e1fdb04f145"
          ],
          "failures": [],
          "pending": [],
          "skipped": [],
          "duration": 8758,
          "root": false,
          "rootEmpty": false,
          "_timeout": 2000
        }
      ],
      "passes": [],
      "failures": [],
      "pending": [],
      "skipped": [],
      "duration": 0,
      "root": true,
      "rootEmpty": true,
      "_timeout": 2000
    }
  ],
  "meta": {
    "mocha": {
      "version": "7.0.1"
    },
    "mochawesome": {
      "options": {
        "quiet": false,
        "reportFilename": "mochawesome",
        "saveHtml": false,
        "saveJson": true,
        "consoleReporter": "spec",
        "useInlineDiffs": false,
        "code": true
      },
      "version": "6.2.2"
    },
    "marge": {
      "options": {
        "id": "default",
        "reportDir": "cypress/results/mochawesome",
        "quet": true,
        "overwrite": false,
        "html": false,
        "json": true
      },
      "version": "5.2.0"
    }
  }
}