{
  "stats": {
    "suites": 1,
    "tests": 1,
    "passes": 1,
    "pending": 0,
    "failures": 0,
    "start": "2021-07-23T13:57:41.532Z",
    "end": "2021-07-23T13:57:48.687Z",
    "duration": 7155,
    "testsRegistered": 1,
    "passPercent": 100,
    "pendingPercent": 0,
    "other": 0,
    "hasOther": false,
    "skipped": 0,
    "hasSkipped": false
  },
  "results": [
    {
      "uuid": "fb71e79f-f800-417e-93ae-10202e8ff9b2",
      "title": "",
      "fullFile": "cypress/integration/automation-teststore/add-multiple-items-to-cart.js",
      "file": "cypress/integration/automation-teststore/add-multiple-items-to-cart.js",
      "beforeHooks": [],
      "afterHooks": [],
      "tests": [],
      "suites": [
        {
          "uuid": "75dbb3b4-013f-4dc5-ac30-012681dbad60",
          "title": "Add multiple items to cart",
          "fullFile": "",
          "file": "",
          "beforeHooks": [],
          "afterHooks": [],
          "tests": [
            {
              "title": "Add specific product to cart",
              "fullTitle": "Add multiple items to cart Add specific product to cart",
              "timedOut": null,
              "duration": 4975,
              "state": "passed",
              "speed": "slow",
              "pass": true,
              "fail": false,
              "pending": false,
              "context": null,
              "code": "autoStoreHairCare.addHairCareProductsToCart();",
              "err": {},
              "uuid": "5fe26d5c-1cfa-4083-a405-12729413d7f2",
              "parentUUID": "75dbb3b4-013f-4dc5-ac30-012681dbad60",
              "isHook": false,
              "skipped": false
            }
          ],
          "suites": [],
          "passes": [
            "5fe26d5c-1cfa-4083-a405-12729413d7f2"
          ],
          "failures": [],
          "pending": [],
          "skipped": [],
          "duration": 4975,
          "root": false,
          "rootEmpty": false,
          "_timeout": 2000
        }
      ],
      "passes": [],
      "failures": [],
      "pending": [],
      "skipped": [],
      "duration": 0,
      "root": true,
      "rootEmpty": true,
      "_timeout": 2000
    }
  ],
  "meta": {
    "mocha": {
      "version": "7.0.1"
    },
    "mochawesome": {
      "options": {
        "quiet": false,
        "reportFilename": "mochawesome",
        "saveHtml": false,
        "saveJson": true,
        "consoleReporter": "spec",
        "useInlineDiffs": false,
        "code": true
      },
      "version": "6.2.2"
    },
    "marge": {
      "options": {
        "id": "default",
        "reportDir": "cypress/results/mochawesome",
        "quet": true,
        "overwrite": false,
        "html": false,
        "json": true
      },
      "version": "5.2.0"
    }
  }
}