{
  "stats": {
    "suites": 1,
    "tests": 1,
    "passes": 1,
    "pending": 0,
    "failures": 0,
    "start": "2021-07-28T09:58:50.359Z",
    "end": "2021-07-28T09:58:57.886Z",
    "duration": 7527,
    "testsRegistered": 1,
    "passPercent": 100,
    "pendingPercent": 0,
    "other": 0,
    "hasOther": false,
    "skipped": 0,
    "hasSkipped": false
  },
  "results": [
    {
      "uuid": "abb12e72-8e84-4b81-b7d6-b22cff585dc1",
      "title": "",
      "fullFile": "cypress/integration/automation-teststore/contact-us.js",
      "file": "cypress/integration/automation-teststore/contact-us.js",
      "beforeHooks": [],
      "afterHooks": [],
      "tests": [],
      "suites": [
        {
          "uuid": "98bc3afe-c25d-4d95-a575-af562cc43e75",
          "title": "Test Contact Us form via Automation-teststore",
          "fullFile": "",
          "file": "",
          "beforeHooks": [],
          "afterHooks": [],
          "tests": [
            {
              "title": "Should be able to submit a successsfull submission via contact us form",
              "fullTitle": "Test Contact Us form via Automation-teststore Should be able to submit a successsfull submission via contact us form",
              "timedOut": null,
              "duration": 5881,
              "state": "passed",
              "speed": "slow",
              "pass": true,
              "fail": false,
              "pending": false,
              "context": null,
              "code": "cy.visit('https://automationteststore.com/index.php');\ncy.get('a').contains('Contact Us').click().then(function (el) {\n  cy.log('Button text is: ' + el.text());\n});\ncy.get('[name=\"first_name\"]').click().type('Alex');\ncy.get('#ContactUsFrm_email').click().type('avellex@gmail.com');\ncy.get('#ContactUsFrm_email').should('have.attr', 'name', 'email');\ncy.get('#ContactUsFrm_enquiry').click().type('test_message');\ncy.get('[title=\"Submit\"]').click();\ncy.get('.mb40 > :nth-child(3)').should('have.text', 'Your enquiry has been successfully sent to the store owner!');\ncy.log('Test has completed');",
              "err": {},
              "uuid": "9f74055c-efc7-4444-8c15-1733278b12f1",
              "parentUUID": "98bc3afe-c25d-4d95-a575-af562cc43e75",
              "isHook": false,
              "skipped": false
            }
          ],
          "suites": [],
          "passes": [
            "9f74055c-efc7-4444-8c15-1733278b12f1"
          ],
          "failures": [],
          "pending": [],
          "skipped": [],
          "duration": 5881,
          "root": false,
          "rootEmpty": false,
          "_timeout": 2000
        }
      ],
      "passes": [],
      "failures": [],
      "pending": [],
      "skipped": [],
      "duration": 0,
      "root": true,
      "rootEmpty": true,
      "_timeout": 2000
    }
  ],
  "meta": {
    "mocha": {
      "version": "7.0.1"
    },
    "mochawesome": {
      "options": {
        "quiet": false,
        "reportFilename": "mochawesome",
        "saveHtml": false,
        "saveJson": true,
        "consoleReporter": "spec",
        "useInlineDiffs": false,
        "code": true
      },
      "version": "6.2.2"
    },
    "marge": {
      "options": {
        "id": "default",
        "reportDir": "cypress/results/mochawesome",
        "quet": true,
        "overwrite": false,
        "html": false,
        "json": true
      },
      "version": "5.2.0"
    }
  }
}