{
  "stats": {
    "suites": 1,
    "tests": 2,
    "passes": 2,
    "pending": 0,
    "failures": 0,
    "start": "2021-07-23T09:49:20.750Z",
    "end": "2021-07-23T09:49:24.856Z",
    "duration": 4106,
    "testsRegistered": 2,
    "passPercent": 100,
    "pendingPercent": 0,
    "other": 0,
    "hasOther": false,
    "skipped": 0,
    "hasSkipped": false
  },
  "results": [
    {
      "uuid": "8d0de132-ed00-4438-b40f-1fdafd62b87e",
      "title": "",
      "fullFile": "cypress/integration/webdriver-uni/contact-us.js",
      "file": "cypress/integration/webdriver-uni/contact-us.js",
      "beforeHooks": [],
      "afterHooks": [],
      "tests": [],
      "suites": [
        {
          "uuid": "93e31429-352c-4a7c-aea5-6bf643672f5d",
          "title": "Test Contact Us form via WebdriverUni",
          "fullFile": "",
          "file": "",
          "beforeHooks": [],
          "afterHooks": [],
          "tests": [
            {
              "title": "Should be able to submit a successsfull submission via contact us form",
              "fullTitle": "Test Contact Us form via WebdriverUni Should be able to submit a successsfull submission via contact us form",
              "timedOut": null,
              "duration": 2638,
              "state": "passed",
              "speed": "slow",
              "pass": true,
              "fail": false,
              "pending": false,
              "context": null,
              "code": "cy.document().should('have.property', 'charset').and('eq', 'UTF-8');\ncy.title().should('include', 'WebDriver | Contact Us');\ncy.url().should('include', 'Contact-Us');\ncontact_UsPage.contactFormSubmission(Cypress.env('first_name'), user.last_name, user.email, 'test', 'h1', 'Thank You for your Message!');",
              "err": {},
              "uuid": "4b371f92-263b-40c3-8530-35d08e761aff",
              "parentUUID": "93e31429-352c-4a7c-aea5-6bf643672f5d",
              "isHook": false,
              "skipped": false
            },
            {
              "title": "Should not be able to submit a successsfull submission via contact us form as all fields are required",
              "fullTitle": "Test Contact Us form via WebdriverUni Should not be able to submit a successsfull submission via contact us form as all fields are required",
              "timedOut": null,
              "duration": 1424,
              "state": "passed",
              "speed": "slow",
              "pass": true,
              "fail": false,
              "pending": false,
              "context": null,
              "code": "contact_UsPage.contactFormSubmission(user.first_name, user.last_name, ' ', 'test', 'body', 'Error: Invalid email address');",
              "err": {},
              "uuid": "157769dc-bb5d-4774-ba6e-f54ac9c73f5c",
              "parentUUID": "93e31429-352c-4a7c-aea5-6bf643672f5d",
              "isHook": false,
              "skipped": false
            }
          ],
          "suites": [],
          "passes": [
            "4b371f92-263b-40c3-8530-35d08e761aff",
            "157769dc-bb5d-4774-ba6e-f54ac9c73f5c"
          ],
          "failures": [],
          "pending": [],
          "skipped": [],
          "duration": 4062,
          "root": false,
          "rootEmpty": false,
          "_timeout": 2000
        }
      ],
      "passes": [],
      "failures": [],
      "pending": [],
      "skipped": [],
      "duration": 0,
      "root": true,
      "rootEmpty": true,
      "_timeout": 2000
    }
  ],
  "meta": {
    "mocha": {
      "version": "7.0.1"
    },
    "mochawesome": {
      "options": {
        "quiet": false,
        "reportFilename": "mochawesome",
        "saveHtml": false,
        "saveJson": true,
        "consoleReporter": "spec",
        "useInlineDiffs": false,
        "code": true
      },
      "version": "6.2.2"
    },
    "marge": {
      "options": {
        "id": "default",
        "reportDir": "cypress/results/mochawesome",
        "quet": true,
        "overwrite": false,
        "html": false,
        "json": true
      },
      "version": "5.2.0"
    }
  }
}