{
  "stats": {
    "suites": 1,
    "tests": 16,
    "passes": 16,
    "pending": 0,
    "failures": 0,
    "start": "2021-07-23T11:38:56.803Z",
    "end": "2021-07-23T11:39:05.704Z",
    "duration": 8901,
    "testsRegistered": 16,
    "passPercent": 100,
    "pendingPercent": 0,
    "other": 0,
    "hasOther": false,
    "skipped": 0,
    "hasSkipped": false
  },
  "results": [
    {
      "uuid": "395363f0-88c7-42b2-9491-9eba02c40e32",
      "title": "",
      "fullFile": "cypress/integration/webdriver-uni/traversing-elements.js",
      "file": "cypress/integration/webdriver-uni/traversing-elements.js",
      "beforeHooks": [],
      "afterHooks": [],
      "tests": [],
      "suites": [
        {
          "uuid": "a36e60e7-b49e-4f25-afca-a27b3bbd4e1f",
          "title": "Traversing DOM elements in Cypress",
          "fullFile": "",
          "file": "",
          "beforeHooks": [],
          "afterHooks": [],
          "tests": [
            {
              "title": "children() to get the children of DOM elements",
              "fullTitle": "Traversing DOM elements in Cypress children() to get the children of DOM elements",
              "timedOut": null,
              "duration": 892,
              "state": "passed",
              "speed": "slow",
              "pass": true,
              "fail": false,
              "pending": false,
              "context": null,
              "code": "cy.get('.breadcrumb').children('.active').should('contain', 'Contact Us');",
              "err": {},
              "uuid": "66899870-0534-495a-9b65-180f875a21db",
              "parentUUID": "a36e60e7-b49e-4f25-afca-a27b3bbd4e1f",
              "isHook": false,
              "skipped": false
            },
            {
              "title": "closest() to validate the closest ancestor DOM element",
              "fullTitle": "Traversing DOM elements in Cypress closest() to validate the closest ancestor DOM element",
              "timedOut": null,
              "duration": 488,
              "state": "passed",
              "speed": "slow",
              "pass": true,
              "fail": false,
              "pending": false,
              "context": null,
              "code": "cy.get('.traversal-badge').closest('ul').should('have.class', 'list-group');",
              "err": {},
              "uuid": "22429f0f-1305-4047-9051-25b62eb1d4f6",
              "parentUUID": "a36e60e7-b49e-4f25-afca-a27b3bbd4e1f",
              "isHook": false,
              "skipped": false
            },
            {
              "title": "eq() to retrieve a specific element based on index",
              "fullTitle": "Traversing DOM elements in Cypress eq() to retrieve a specific element based on index",
              "timedOut": null,
              "duration": 495,
              "state": "passed",
              "speed": "slow",
              "pass": true,
              "fail": false,
              "pending": false,
              "context": null,
              "code": "cy.get('.traversal-drinks-list > *').eq(2).should('have.text', 'Milk');",
              "err": {},
              "uuid": "229c3439-5b8e-4118-b745-e48cb8bc2d13",
              "parentUUID": "a36e60e7-b49e-4f25-afca-a27b3bbd4e1f",
              "isHook": false,
              "skipped": false
            },
            {
              "title": "filter() to retrieve DOM elements that match a specific selector",
              "fullTitle": "Traversing DOM elements in Cypress filter() to retrieve DOM elements that match a specific selector",
              "timedOut": null,
              "duration": 549,
              "state": "passed",
              "speed": "slow",
              "pass": true,
              "fail": false,
              "pending": false,
              "context": null,
              "code": "cy.get('.btn-group-toggle > *').filter('.active').should('have.text', 'Button-1');",
              "err": {},
              "uuid": "a39fdbb1-9449-4122-82ec-a8ec66e3a87f",
              "parentUUID": "a36e60e7-b49e-4f25-afca-a27b3bbd4e1f",
              "isHook": false,
              "skipped": false
            },
            {
              "title": "find() to retrieve DOM elements of a given selector",
              "fullTitle": "Traversing DOM elements in Cypress find() to retrieve DOM elements of a given selector",
              "timedOut": null,
              "duration": 485,
              "state": "passed",
              "speed": "slow",
              "pass": true,
              "fail": false,
              "pending": false,
              "context": null,
              "code": "cy.get('.traversal-pagination').find('li').find('a').should('have.length', 7);",
              "err": {},
              "uuid": "b095e1ea-12b4-4009-92cd-e1cd46cca168",
              "parentUUID": "a36e60e7-b49e-4f25-afca-a27b3bbd4e1f",
              "isHook": false,
              "skipped": false
            },
            {
              "title": "first() to retrieve the first DOM element within elements ",
              "fullTitle": "Traversing DOM elements in Cypress first() to retrieve the first DOM element within elements ",
              "timedOut": null,
              "duration": 509,
              "state": "passed",
              "speed": "slow",
              "pass": true,
              "fail": false,
              "pending": false,
              "context": null,
              "code": "cy.get('.traversal-table >  tbody > tr > td').first().should('have.text', 'Andy');",
              "err": {},
              "uuid": "21158243-7378-42ea-bf99-a2681bbc5a56",
              "parentUUID": "a36e60e7-b49e-4f25-afca-a27b3bbd4e1f",
              "isHook": false,
              "skipped": false
            },
            {
              "title": "last() to retrieve the last DOM element within elements",
              "fullTitle": "Traversing DOM elements in Cypress last() to retrieve the last DOM element within elements",
              "timedOut": null,
              "duration": 522,
              "state": "passed",
              "speed": "slow",
              "pass": true,
              "fail": false,
              "pending": false,
              "context": null,
              "code": "cy.get('.traversal-table >  tbody > tr > td').last().should('have.text', 'Scott');",
              "err": {},
              "uuid": "b3a74b7d-3761-401c-b3f3-28d1b850164f",
              "parentUUID": "a36e60e7-b49e-4f25-afca-a27b3bbd4e1f",
              "isHook": false,
              "skipped": false
            },
            {
              "title": "nextAll() to get all of the next sibling DOM elements within elements",
              "fullTitle": "Traversing DOM elements in Cypress nextAll() to get all of the next sibling DOM elements within elements",
              "timedOut": null,
              "duration": 457,
              "state": "passed",
              "speed": "slow",
              "pass": true,
              "fail": false,
              "pending": false,
              "context": null,
              "code": "cy.get('#tea').nextAll().should('have.length', 3);",
              "err": {},
              "uuid": "bcc62990-bc5d-44fc-892d-14ed5a497042",
              "parentUUID": "a36e60e7-b49e-4f25-afca-a27b3bbd4e1f",
              "isHook": false,
              "skipped": false
            },
            {
              "title": "nextUntil() to get all of the next sibling DOM elements within elements until another element",
              "fullTitle": "Traversing DOM elements in Cypress nextUntil() to get all of the next sibling DOM elements within elements until another element",
              "timedOut": null,
              "duration": 561,
              "state": "passed",
              "speed": "slow",
              "pass": true,
              "fail": false,
              "pending": false,
              "context": null,
              "code": "cy.get('#coffee').nextUntil('#milk');",
              "err": {},
              "uuid": "433aafbf-4d43-46e9-b377-2e4a30eb1de5",
              "parentUUID": "a36e60e7-b49e-4f25-afca-a27b3bbd4e1f",
              "isHook": false,
              "skipped": false
            },
            {
              "title": "not() to remove DOM element(s) from the set of elements",
              "fullTitle": "Traversing DOM elements in Cypress not() to remove DOM element(s) from the set of elements",
              "timedOut": null,
              "duration": 531,
              "state": "passed",
              "speed": "slow",
              "pass": true,
              "fail": false,
              "pending": false,
              "context": null,
              "code": "cy.get('.traversal-button-states>button').not('.disabled').should('not.have.class', 'disabled');",
              "err": {},
              "uuid": "2cf0c548-e41e-4f4a-be86-1cfdb9b88f1e",
              "parentUUID": "a36e60e7-b49e-4f25-afca-a27b3bbd4e1f",
              "isHook": false,
              "skipped": false
            },
            {
              "title": "parent() To get parent DOM element of elements",
              "fullTitle": "Traversing DOM elements in Cypress parent() To get parent DOM element of elements",
              "timedOut": null,
              "duration": 745,
              "state": "passed",
              "speed": "slow",
              "pass": true,
              "fail": false,
              "pending": false,
              "context": null,
              "code": "cy.get('.traversal-mark').parent().should('contain', 'Lorem ipsum dolor sit amet, consectetur adipiscing elit, ');",
              "err": {},
              "uuid": "88b352cb-41b3-4581-b338-18be2829dec3",
              "parentUUID": "a36e60e7-b49e-4f25-afca-a27b3bbd4e1f",
              "isHook": false,
              "skipped": false
            },
            {
              "title": "parents() to get parents DOM element of elements",
              "fullTitle": "Traversing DOM elements in Cypress parents() to get parents DOM element of elements",
              "timedOut": null,
              "duration": 511,
              "state": "passed",
              "speed": "slow",
              "pass": true,
              "fail": false,
              "pending": false,
              "context": null,
              "code": "cy.get('.traversal-cite').parents().should('match', 'blockquote');",
              "err": {},
              "uuid": "7fcb224b-9f18-4faf-8262-b02ad01c8755",
              "parentUUID": "a36e60e7-b49e-4f25-afca-a27b3bbd4e1f",
              "isHook": false,
              "skipped": false
            },
            {
              "title": "prev() to get the previous sibling DOM element within elements",
              "fullTitle": "Traversing DOM elements in Cypress prev() to get the previous sibling DOM element within elements",
              "timedOut": null,
              "duration": 476,
              "state": "passed",
              "speed": "slow",
              "pass": true,
              "fail": false,
              "pending": false,
              "context": null,
              "code": "cy.get('#sugar').prev().should('have.text', 'Espresso');",
              "err": {},
              "uuid": "de2b9366-5a4e-4da5-8682-e948a3279337",
              "parentUUID": "a36e60e7-b49e-4f25-afca-a27b3bbd4e1f",
              "isHook": false,
              "skipped": false
            },
            {
              "title": "prevAll() to get all previous sibling DOM elements within elements",
              "fullTitle": "Traversing DOM elements in Cypress prevAll() to get all previous sibling DOM elements within elements",
              "timedOut": null,
              "duration": 527,
              "state": "passed",
              "speed": "slow",
              "pass": true,
              "fail": false,
              "pending": false,
              "context": null,
              "code": "cy.get('.sales').prevAll().should('contain', 'Technology');",
              "err": {},
              "uuid": "ee0bd7d7-5ec9-4abc-9452-3a6bcb60820f",
              "parentUUID": "a36e60e7-b49e-4f25-afca-a27b3bbd4e1f",
              "isHook": false,
              "skipped": false
            },
            {
              "title": "prevUntil() to get all previous sibling DOM elements within elements until other element",
              "fullTitle": "Traversing DOM elements in Cypress prevUntil() to get all previous sibling DOM elements within elements until other element",
              "timedOut": null,
              "duration": 481,
              "state": "passed",
              "speed": "slow",
              "pass": true,
              "fail": false,
              "pending": false,
              "context": null,
              "code": "cy.get('#veggie').prevUntil('#fruits').should('have.length', 5);",
              "err": {},
              "uuid": "71c67812-0edc-44cb-80db-f22861164c46",
              "parentUUID": "a36e60e7-b49e-4f25-afca-a27b3bbd4e1f",
              "isHook": false,
              "skipped": false
            },
            {
              "title": "siblings() To get all sibling DOM elements of elements",
              "fullTitle": "Traversing DOM elements in Cypress siblings() To get all sibling DOM elements of elements",
              "timedOut": null,
              "duration": 532,
              "state": "passed",
              "speed": "slow",
              "pass": true,
              "fail": false,
              "pending": false,
              "context": null,
              "code": "cy.get('.traversal-button-other-states .active').siblings().should('have.length', 3);",
              "err": {},
              "uuid": "d4d21d1e-00a4-4aa1-ab0c-1186f18a756a",
              "parentUUID": "a36e60e7-b49e-4f25-afca-a27b3bbd4e1f",
              "isHook": false,
              "skipped": false
            }
          ],
          "suites": [],
          "passes": [
            "66899870-0534-495a-9b65-180f875a21db",
            "22429f0f-1305-4047-9051-25b62eb1d4f6",
            "229c3439-5b8e-4118-b745-e48cb8bc2d13",
            "a39fdbb1-9449-4122-82ec-a8ec66e3a87f",
            "b095e1ea-12b4-4009-92cd-e1cd46cca168",
            "21158243-7378-42ea-bf99-a2681bbc5a56",
            "b3a74b7d-3761-401c-b3f3-28d1b850164f",
            "bcc62990-bc5d-44fc-892d-14ed5a497042",
            "433aafbf-4d43-46e9-b377-2e4a30eb1de5",
            "2cf0c548-e41e-4f4a-be86-1cfdb9b88f1e",
            "88b352cb-41b3-4581-b338-18be2829dec3",
            "7fcb224b-9f18-4faf-8262-b02ad01c8755",
            "de2b9366-5a4e-4da5-8682-e948a3279337",
            "ee0bd7d7-5ec9-4abc-9452-3a6bcb60820f",
            "71c67812-0edc-44cb-80db-f22861164c46",
            "d4d21d1e-00a4-4aa1-ab0c-1186f18a756a"
          ],
          "failures": [],
          "pending": [],
          "skipped": [],
          "duration": 8761,
          "root": false,
          "rootEmpty": false,
          "_timeout": 2000
        }
      ],
      "passes": [],
      "failures": [],
      "pending": [],
      "skipped": [],
      "duration": 0,
      "root": true,
      "rootEmpty": true,
      "_timeout": 2000
    }
  ],
  "meta": {
    "mocha": {
      "version": "7.0.1"
    },
    "mochawesome": {
      "options": {
        "quiet": false,
        "reportFilename": "mochawesome",
        "saveHtml": false,
        "saveJson": true,
        "consoleReporter": "spec",
        "useInlineDiffs": false,
        "code": true
      },
      "version": "6.2.2"
    },
    "marge": {
      "options": {
        "id": "default",
        "reportDir": "cypress/results/mochawesome",
        "quet": true,
        "overwrite": false,
        "html": false,
        "json": true
      },
      "version": "5.2.0"
    }
  }
}