{
  "stats": {
    "suites": 1,
    "tests": 2,
    "passes": 2,
    "pending": 0,
    "failures": 0,
    "start": "2021-07-23T11:38:13.128Z",
    "end": "2021-07-23T11:38:15.433Z",
    "duration": 2305,
    "testsRegistered": 2,
    "passPercent": 100,
    "pendingPercent": 0,
    "other": 0,
    "hasOther": false,
    "skipped": 0,
    "hasSkipped": false
  },
  "results": [
    {
      "uuid": "f74a9f02-f2ba-4d52-97a6-d609406365b6",
      "title": "",
      "fullFile": "cypress/integration/webdriver-uni/data-tables.js",
      "file": "cypress/integration/webdriver-uni/data-tables.js",
      "beforeHooks": [],
      "afterHooks": [],
      "tests": [],
      "suites": [
        {
          "uuid": "c66bc6d7-908e-490b-971d-741cd0344a2c",
          "title": "Handling Data via webdriveruni",
          "fullFile": "",
          "file": "",
          "beforeHooks": [],
          "afterHooks": [],
          "tests": [
            {
              "title": "Calculate and assert the total ages of all users",
              "fullTitle": "Handling Data via webdriveruni Calculate and assert the total ages of all users",
              "timedOut": null,
              "duration": 1511,
              "state": "passed",
              "speed": "slow",
              "pass": true,
              "fail": false,
              "pending": false,
              "context": null,
              "code": "var useDetails = [];\nvar numb = 0;\ncy.get('#thumbnail-1 td').each(function (el, index, list) {\n  useDetails[index] = el.text();\n}).then(function () {\n  var i;\n  for (i = 0; i < useDetails.length; i++) {\n    if (Number(useDetails[i])) {\n      numb += Number(useDetails[i]);\n    }\n  }\n  cy.log('Total age: ' + numb);\n  expect(numb).eq(322);\n});",
              "err": {},
              "uuid": "cc765cee-7823-4c19-af88-12fbfaf6f393",
              "parentUUID": "c66bc6d7-908e-490b-971d-741cd0344a2c",
              "isHook": false,
              "skipped": false
            },
            {
              "title": "Calculate and assert the age of user",
              "fullTitle": "Handling Data via webdriveruni Calculate and assert the age of user",
              "timedOut": null,
              "duration": 746,
              "state": "passed",
              "speed": "slow",
              "pass": true,
              "fail": false,
              "pending": false,
              "context": null,
              "code": "cy.get('#thumbnail-1 td:nth-child(2)').each(function (el, index, list) {\n  if ('Smith' == el.text()) {\n    expect(Number(el.next().text())).eq(45);\n  }\n});",
              "err": {},
              "uuid": "898e151b-da0d-4e02-b084-6dbd66effd06",
              "parentUUID": "c66bc6d7-908e-490b-971d-741cd0344a2c",
              "isHook": false,
              "skipped": false
            }
          ],
          "suites": [],
          "passes": [
            "cc765cee-7823-4c19-af88-12fbfaf6f393",
            "898e151b-da0d-4e02-b084-6dbd66effd06"
          ],
          "failures": [],
          "pending": [],
          "skipped": [],
          "duration": 2257,
          "root": false,
          "rootEmpty": false,
          "_timeout": 2000
        }
      ],
      "passes": [],
      "failures": [],
      "pending": [],
      "skipped": [],
      "duration": 0,
      "root": true,
      "rootEmpty": true,
      "_timeout": 2000
    }
  ],
  "meta": {
    "mocha": {
      "version": "7.0.1"
    },
    "mochawesome": {
      "options": {
        "quiet": false,
        "reportFilename": "mochawesome",
        "saveHtml": false,
        "saveJson": true,
        "consoleReporter": "spec",
        "useInlineDiffs": false,
        "code": true
      },
      "version": "6.2.2"
    },
    "marge": {
      "options": {
        "id": "default",
        "reportDir": "cypress/results/mochawesome",
        "quet": true,
        "overwrite": false,
        "html": false,
        "json": true
      },
      "version": "5.2.0"
    }
  }
}