{
  "stats": {
    "suites": 1,
    "tests": 2,
    "passes": 2,
    "pending": 0,
    "failures": 0,
    "start": "2021-07-23T11:38:04.875Z",
    "end": "2021-07-23T11:38:09.844Z",
    "duration": 4969,
    "testsRegistered": 2,
    "passPercent": 100,
    "pendingPercent": 0,
    "other": 0,
    "hasOther": false,
    "skipped": 0,
    "hasSkipped": false
  },
  "results": [
    {
      "uuid": "4c3e97c2-47a6-4271-8aa2-7a2df06c654c",
      "title": "",
      "fullFile": "cypress/integration/webdriver-uni/contact-us.js",
      "file": "cypress/integration/webdriver-uni/contact-us.js",
      "beforeHooks": [],
      "afterHooks": [],
      "tests": [],
      "suites": [
        {
          "uuid": "50b13c2e-d958-4372-950e-10efe6d0fb91",
          "title": "Test Contact Us form via WebdriverUni",
          "fullFile": "",
          "file": "",
          "beforeHooks": [],
          "afterHooks": [],
          "tests": [
            {
              "title": "Should be able to submit a successsfull submission via contact us form",
              "fullTitle": "Test Contact Us form via WebdriverUni Should be able to submit a successsfull submission via contact us form",
              "timedOut": null,
              "duration": 3352,
              "state": "passed",
              "speed": "slow",
              "pass": true,
              "fail": false,
              "pending": false,
              "context": null,
              "code": "cy.document().should('have.property', 'charset').and('eq', 'UTF-8');\ncy.title().should('include', 'WebDriver | Contact Us');\ncy.url().should('include', 'Contact-Us');\ncontact_UsPage.contactFormSubmission(Cypress.env('first_name'), user.last_name, user.email, 'test', 'h1', 'Thank You for your Message!');",
              "err": {},
              "uuid": "8f2681da-9417-4033-951b-a418a6937b03",
              "parentUUID": "50b13c2e-d958-4372-950e-10efe6d0fb91",
              "isHook": false,
              "skipped": false
            },
            {
              "title": "Should not be able to submit a successsfull submission via contact us form as all fields are required",
              "fullTitle": "Test Contact Us form via WebdriverUni Should not be able to submit a successsfull submission via contact us form as all fields are required",
              "timedOut": null,
              "duration": 1563,
              "state": "passed",
              "speed": "slow",
              "pass": true,
              "fail": false,
              "pending": false,
              "context": null,
              "code": "contact_UsPage.contactFormSubmission(user.first_name, user.last_name, ' ', 'test', 'body', 'Error: Invalid email address');",
              "err": {},
              "uuid": "f5ae0b70-3833-4bdf-bcf6-0aa09de25e31",
              "parentUUID": "50b13c2e-d958-4372-950e-10efe6d0fb91",
              "isHook": false,
              "skipped": false
            }
          ],
          "suites": [],
          "passes": [
            "8f2681da-9417-4033-951b-a418a6937b03",
            "f5ae0b70-3833-4bdf-bcf6-0aa09de25e31"
          ],
          "failures": [],
          "pending": [],
          "skipped": [],
          "duration": 4915,
          "root": false,
          "rootEmpty": false,
          "_timeout": 2000
        }
      ],
      "passes": [],
      "failures": [],
      "pending": [],
      "skipped": [],
      "duration": 0,
      "root": true,
      "rootEmpty": true,
      "_timeout": 2000
    }
  ],
  "meta": {
    "mocha": {
      "version": "7.0.1"
    },
    "mochawesome": {
      "options": {
        "quiet": false,
        "reportFilename": "mochawesome",
        "saveHtml": false,
        "saveJson": true,
        "consoleReporter": "spec",
        "useInlineDiffs": false,
        "code": true
      },
      "version": "6.2.2"
    },
    "marge": {
      "options": {
        "id": "default",
        "reportDir": "cypress/results/mochawesome",
        "quet": true,
        "overwrite": false,
        "html": false,
        "json": true
      },
      "version": "5.2.0"
    }
  }
}