{
  "stats": {
    "suites": 1,
    "tests": 1,
    "passes": 1,
    "pending": 0,
    "failures": 0,
    "start": "2021-07-28T09:59:01.071Z",
    "end": "2021-07-28T09:59:07.137Z",
    "duration": 6066,
    "testsRegistered": 1,
    "passPercent": 100,
    "pendingPercent": 0,
    "other": 0,
    "hasOther": false,
    "skipped": 0,
    "hasSkipped": false
  },
  "results": [
    {
      "uuid": "dc757047-6c60-4c70-b8f1-08258c0963e1",
      "title": "",
      "fullFile": "cypress/integration/automation-teststore/inspect-item.js",
      "file": "cypress/integration/automation-teststore/inspect-item.js",
      "beforeHooks": [],
      "afterHooks": [],
      "tests": [],
      "suites": [
        {
          "uuid": "ab950055-a269-4efb-baf1-575b3ba18300",
          "title": "Inspect Automation test store item",
          "fullFile": "",
          "file": "",
          "beforeHooks": [],
          "afterHooks": [],
          "tests": [
            {
              "title": "Click in the first item using item text",
              "fullTitle": "Inspect Automation test store item Click in the first item using item text",
              "timedOut": null,
              "duration": 4876,
              "state": "passed",
              "speed": "slow",
              "pass": true,
              "fail": false,
              "pending": false,
              "context": null,
              "code": "cy.visit('https://automationteststore.com/index.php');\ncy.get('.prdocutname').contains('Skinsheen Bronzer Stick').click().then(function (itemHeaderText) {\n  console.log('Selected item - ' + itemHeaderText.text());\n});\ncy.log('Printed item text to console');",
              "err": {},
              "uuid": "6a4eb2af-2cd8-43eb-b974-b69e433a9e55",
              "parentUUID": "ab950055-a269-4efb-baf1-575b3ba18300",
              "isHook": false,
              "skipped": false
            }
          ],
          "suites": [],
          "passes": [
            "6a4eb2af-2cd8-43eb-b974-b69e433a9e55"
          ],
          "failures": [],
          "pending": [],
          "skipped": [],
          "duration": 4876,
          "root": false,
          "rootEmpty": false,
          "_timeout": 2000
        }
      ],
      "passes": [],
      "failures": [],
      "pending": [],
      "skipped": [],
      "duration": 0,
      "root": true,
      "rootEmpty": true,
      "_timeout": 2000
    }
  ],
  "meta": {
    "mocha": {
      "version": "7.0.1"
    },
    "mochawesome": {
      "options": {
        "quiet": false,
        "reportFilename": "mochawesome",
        "saveHtml": false,
        "saveJson": true,
        "consoleReporter": "spec",
        "useInlineDiffs": false,
        "code": true
      },
      "version": "6.2.2"
    },
    "marge": {
      "options": {
        "id": "default",
        "reportDir": "cypress/results/mochawesome",
        "quet": true,
        "overwrite": false,
        "html": false,
        "json": true
      },
      "version": "5.2.0"
    }
  }
}