{
  "stats": {
    "suites": 1,
    "tests": 4,
    "passes": 4,
    "pending": 0,
    "failures": 0,
    "start": "2021-07-23T09:49:52.624Z",
    "end": "2021-07-23T09:49:55.372Z",
    "duration": 2748,
    "testsRegistered": 4,
    "passPercent": 100,
    "pendingPercent": 0,
    "other": 0,
    "hasOther": false,
    "skipped": 0,
    "hasSkipped": false
  },
  "results": [
    {
      "uuid": "26341a24-e5fd-475a-aaf6-fef6ec15683d",
      "title": "",
      "fullFile": "cypress/integration/webdriver-uni/js-alerts.js",
      "file": "cypress/integration/webdriver-uni/js-alerts.js",
      "beforeHooks": [],
      "afterHooks": [],
      "tests": [],
      "suites": [
        {
          "uuid": "6d931063-95a1-46a2-abe7-01e93ea651d3",
          "title": "Handle js alerts",
          "fullFile": "",
          "file": "",
          "beforeHooks": [],
          "afterHooks": [],
          "tests": [
            {
              "title": "Confirm js alert contains the correct text",
              "fullTitle": "Handle js alerts Confirm js alert contains the correct text",
              "timedOut": null,
              "duration": 917,
              "state": "passed",
              "speed": "slow",
              "pass": true,
              "fail": false,
              "pending": false,
              "context": null,
              "code": "cy.visit('http://www.webdriveruniversity.com/');\ncy.get('#popup-alerts').invoke('removeAttr', 'target').click({\n  force: true\n});\ncy.get('#button1').click();\ncy.on('window:alert', function (str) {\n  expect(str).to.eq('I am an alert box!');\n});",
              "err": {},
              "uuid": "6bfe5e62-fdba-4a67-84e2-76f9ce60ccbd",
              "parentUUID": "6d931063-95a1-46a2-abe7-01e93ea651d3",
              "isHook": false,
              "skipped": false
            },
            {
              "title": "Validate js confirm alert box works correctly when clicking \"ok\"",
              "fullTitle": "Handle js alerts Validate js confirm alert box works correctly when clicking \"ok\"",
              "timedOut": null,
              "duration": 576,
              "state": "passed",
              "speed": "slow",
              "pass": true,
              "fail": false,
              "pending": false,
              "context": null,
              "code": "cy.visit('http://www.webdriveruniversity.com/');\ncy.get('#popup-alerts').invoke('removeAttr', 'target').click({\n  force: true\n});\ncy.get('#button4').click();\ncy.on('window:confirm', function (str) {\n  return true;\n});\ncy.get('#confirm-alert-text').contains('You pressed OK!');",
              "err": {},
              "uuid": "68d6c163-6e97-4b9e-ae96-fdfa8670df2e",
              "parentUUID": "6d931063-95a1-46a2-abe7-01e93ea651d3",
              "isHook": false,
              "skipped": false
            },
            {
              "title": "Validate js confirm alert box works correctly when clicking \"Cancel\"",
              "fullTitle": "Handle js alerts Validate js confirm alert box works correctly when clicking \"Cancel\"",
              "timedOut": null,
              "duration": 609,
              "state": "passed",
              "speed": "slow",
              "pass": true,
              "fail": false,
              "pending": false,
              "context": null,
              "code": "cy.visit('http://www.webdriveruniversity.com/');\ncy.get('#popup-alerts').invoke('removeAttr', 'target').click({\n  force: true\n});\ncy.get('#button4').click();\ncy.on('window:confirm', function (str) {\n  return false;\n});\ncy.get('#confirm-alert-text').contains('You pressed Cancel!');",
              "err": {},
              "uuid": "556e355a-0b35-4a72-9e50-21da0b7cd6eb",
              "parentUUID": "6d931063-95a1-46a2-abe7-01e93ea651d3",
              "isHook": false,
              "skipped": false
            },
            {
              "title": "Validate js confirm alert box works correctly wusing a stub",
              "fullTitle": "Handle js alerts Validate js confirm alert box works correctly wusing a stub",
              "timedOut": null,
              "duration": 613,
              "state": "passed",
              "speed": "slow",
              "pass": true,
              "fail": false,
              "pending": false,
              "context": null,
              "code": "cy.visit('http://www.webdriveruniversity.com/');\ncy.get('#popup-alerts').invoke('removeAttr', 'target').click({\n  force: true\n});\nvar stub = cy.stub();\ncy.on('window:confirm', stub);\ncy.get('#button4').click().then(function () {\n  expect(stub.getCall(0)).to.be.calledWith('Press a button!');\n}).then(function () {\n  return true;\n}).then(function () {\n  cy.get('#confirm-alert-text').contains('You pressed OK!');\n});",
              "err": {},
              "uuid": "afbf6e58-54ee-496c-b022-49dff0fb5525",
              "parentUUID": "6d931063-95a1-46a2-abe7-01e93ea651d3",
              "isHook": false,
              "skipped": false
            }
          ],
          "suites": [],
          "passes": [
            "6bfe5e62-fdba-4a67-84e2-76f9ce60ccbd",
            "68d6c163-6e97-4b9e-ae96-fdfa8670df2e",
            "556e355a-0b35-4a72-9e50-21da0b7cd6eb",
            "afbf6e58-54ee-496c-b022-49dff0fb5525"
          ],
          "failures": [],
          "pending": [],
          "skipped": [],
          "duration": 2715,
          "root": false,
          "rootEmpty": false,
          "_timeout": 2000
        }
      ],
      "passes": [],
      "failures": [],
      "pending": [],
      "skipped": [],
      "duration": 0,
      "root": true,
      "rootEmpty": true,
      "_timeout": 2000
    }
  ],
  "meta": {
    "mocha": {
      "version": "7.0.1"
    },
    "mochawesome": {
      "options": {
        "quiet": false,
        "reportFilename": "mochawesome",
        "saveHtml": false,
        "saveJson": true,
        "consoleReporter": "spec",
        "useInlineDiffs": false,
        "code": true
      },
      "version": "6.2.2"
    },
    "marge": {
      "options": {
        "id": "default",
        "reportDir": "cypress/results/mochawesome",
        "quet": true,
        "overwrite": false,
        "html": false,
        "json": true
      },
      "version": "5.2.0"
    }
  }
}