{
  "stats": {
    "suites": 1,
    "tests": 2,
    "passes": 2,
    "pending": 0,
    "failures": 0,
    "start": "2021-07-23T09:48:58.863Z",
    "end": "2021-07-23T09:48:58.985Z",
    "duration": 122,
    "testsRegistered": 2,
    "passPercent": 100,
    "pendingPercent": 0,
    "other": 0,
    "hasOther": false,
    "skipped": 0,
    "hasSkipped": false
  },
  "results": [
    {
      "uuid": "706ce5ba-413a-4c6c-818c-92253a0df0bd",
      "title": "",
      "fullFile": "cypress/integration/other/hooks.js",
      "file": "cypress/integration/other/hooks.js",
      "beforeHooks": [],
      "afterHooks": [],
      "tests": [],
      "suites": [
        {
          "uuid": "b802f7c0-9063-41da-80c7-c95130da25e1",
          "title": "Hooks",
          "fullFile": "",
          "file": "",
          "beforeHooks": [],
          "afterHooks": [],
          "tests": [
            {
              "title": "Example test",
              "fullTitle": "Hooks Example test",
              "timedOut": null,
              "duration": 50,
              "state": "passed",
              "speed": "medium",
              "pass": true,
              "fail": false,
              "pending": false,
              "context": null,
              "code": "cy.log('Example test1');",
              "err": {},
              "uuid": "37f4cda3-a684-484b-be56-20e47a09696e",
              "parentUUID": "b802f7c0-9063-41da-80c7-c95130da25e1",
              "isHook": false,
              "skipped": false
            },
            {
              "title": "Example test2",
              "fullTitle": "Hooks Example test2",
              "timedOut": null,
              "duration": 35,
              "state": "passed",
              "speed": "fast",
              "pass": true,
              "fail": false,
              "pending": false,
              "context": null,
              "code": "cy.log('Example test2');",
              "err": {},
              "uuid": "dc8385af-2249-4191-abf2-1c93dba9e540",
              "parentUUID": "b802f7c0-9063-41da-80c7-c95130da25e1",
              "isHook": false,
              "skipped": false
            }
          ],
          "suites": [],
          "passes": [
            "37f4cda3-a684-484b-be56-20e47a09696e",
            "dc8385af-2249-4191-abf2-1c93dba9e540"
          ],
          "failures": [],
          "pending": [],
          "skipped": [],
          "duration": 85,
          "root": false,
          "rootEmpty": false,
          "_timeout": 2000
        }
      ],
      "passes": [],
      "failures": [],
      "pending": [],
      "skipped": [],
      "duration": 0,
      "root": true,
      "rootEmpty": true,
      "_timeout": 2000
    }
  ],
  "meta": {
    "mocha": {
      "version": "7.0.1"
    },
    "mochawesome": {
      "options": {
        "quiet": false,
        "reportFilename": "mochawesome",
        "saveHtml": false,
        "saveJson": true,
        "consoleReporter": "spec",
        "useInlineDiffs": false,
        "code": true
      },
      "version": "6.2.2"
    },
    "marge": {
      "options": {
        "id": "default",
        "reportDir": "cypress/results/mochawesome",
        "quet": true,
        "overwrite": false,
        "html": false,
        "json": true
      },
      "version": "5.2.0"
    }
  }
}